<?xml version="1.0" encoding="utf-8"?>
<CoverageSession xmlns:xsd="http://www.w3.org/2001/XMLSchema" xmlns:xsi="http://www.w3.org/2001/XMLSchema-instance" Version="0.0.0.0">
  <Summary numSequencePoints="1972" visitedSequencePoints="964" numBranchPoints="0" visitedBranchPoints="0" sequenceCoverage="48.88" branchCoverage="0.0" maxCyclomaticComplexity="0" minCyclomaticComplexity="0" maxCrapScore="0" minCrapScore="0" visitedClasses="23" numClasses="86" visitedMethods="118" numMethods="315" />
  <Modules>
    <Module>
      <Summary numSequencePoints="24" visitedSequencePoints="13" numBranchPoints="0" visitedBranchPoints="0" sequenceCoverage="54.17" branchCoverage="0.0" maxCyclomaticComplexity="0" minCyclomaticComplexity="0" maxCrapScore="0" minCrapScore="0" visitedClasses="1" numClasses="1" visitedMethods="4" numMethods="6" />
      <ModuleTime>0001-01-01T00:00:00</ModuleTime>
      <ModuleName>ACS.Runtime</ModuleName>
      <Files>
        <File uid="1" fullPath="/home/alex/projects/pet/unity-packages/packages/com.rubickanov.acs/Runtime/AspectInjector.cs" />
        <File uid="2" fullPath="/home/alex/projects/pet/unity-packages/packages/com.rubickanov.acs/Runtime/EntityComponent.cs" />
        <File uid="3" fullPath="/home/alex/projects/pet/unity-packages/packages/com.rubickanov.acs/Runtime/EntityContext.cs" />
      </Files>
      <Classes>
        <Class>
          <Summary numSequencePoints="24" visitedSequencePoints="13" numBranchPoints="0" visitedBranchPoints="0" sequenceCoverage="54.17" branchCoverage="0.0" maxCyclomaticComplexity="0" minCyclomaticComplexity="0" maxCrapScore="0" minCrapScore="0" visitedClasses="1" numClasses="1" visitedMethods="4" numMethods="6" />
          <FullName>Rubickanov.ACS.Runtime.EntityContext</FullName>
          <Methods>
            <Method visited="true" cyclomaticComplexity="0" nPathComplexity="0" sequenceCoverage="100.0" branchCoverage="0" crapScore="0" isConstructor="false" isStatic="false" isGetter="false" isSetter="false">
              <Summary numSequencePoints="8" visitedSequencePoints="8" numBranchPoints="0" visitedBranchPoints="0" sequenceCoverage="100.0" branchCoverage="0" maxCyclomaticComplexity="0" minCyclomaticComplexity="0" maxCrapScore="0" minCrapScore="0" visitedClasses="0" numClasses="0" visitedMethods="1" numMethods="1" />
              <MetadataToken>100663315</MetadataToken>
              <Name>T Rubickanov.ACS.Runtime.EntityContext::Require[T]()</Name>
              <FileRef uid="3" />
              <SequencePoints>
                <SequencePoint vc="242" uspid="56" ordinal="0" offset="0" sl="26" sc="0" el="26" ec="0" bec="0" bev="0" fileid="3" />
                <SequencePoint vc="242" uspid="57" ordinal="0" offset="1" sl="27" sc="0" el="27" ec="0" bec="0" bev="0" fileid="3" />
                <SequencePoint vc="242" uspid="58" ordinal="0" offset="12" sl="28" sc="0" el="28" ec="0" bec="0" bev="0" fileid="3" />
                <SequencePoint vc="69" uspid="59" ordinal="0" offset="30" sl="29" sc="0" el="29" ec="0" bec="0" bev="0" fileid="3" />
                <SequencePoint vc="173" uspid="60" ordinal="0" offset="40" sl="30" sc="0" el="30" ec="0" bec="0" bev="0" fileid="3" />
                <SequencePoint vc="173" uspid="61" ordinal="0" offset="46" sl="31" sc="0" el="31" ec="0" bec="0" bev="0" fileid="3" />
                <SequencePoint vc="173" uspid="62" ordinal="0" offset="65" sl="32" sc="0" el="32" ec="0" bec="0" bev="0" fileid="3" />
                <SequencePoint vc="242" uspid="63" ordinal="0" offset="70" sl="33" sc="0" el="33" ec="0" bec="0" bev="0" fileid="3" />
              </SequencePoints>
              <BranchPoints />
            </Method>
            <Method visited="false" cyclomaticComplexity="0" nPathComplexity="0" sequenceCoverage="0.0" branchCoverage="0" crapScore="0" isConstructor="false" isStatic="false" isGetter="false" isSetter="false">
              <Summary numSequencePoints="8" visitedSequencePoints="0" numBranchPoints="0" visitedBranchPoints="0" sequenceCoverage="0.0" branchCoverage="0" maxCyclomaticComplexity="0" minCyclomaticComplexity="0" maxCrapScore="0" minCrapScore="0" visitedClasses="0" numClasses="0" visitedMethods="0" numMethods="1" />
              <MetadataToken>100663316</MetadataToken>
              <Name>System.Boolean Rubickanov.ACS.Runtime.EntityContext::TryGet[T]()</Name>
              <FileRef uid="3" />
              <SequencePoints>
                <SequencePoint vc="0" uspid="64" ordinal="0" offset="0" sl="39" sc="0" el="39" ec="0" bec="0" bev="0" fileid="3" />
                <SequencePoint vc="0" uspid="65" ordinal="0" offset="1" sl="40" sc="0" el="40" ec="0" bec="0" bev="0" fileid="3" />
                <SequencePoint vc="0" uspid="66" ordinal="0" offset="28" sl="41" sc="0" el="41" ec="0" bec="0" bev="0" fileid="3" />
                <SequencePoint vc="0" uspid="67" ordinal="0" offset="29" sl="42" sc="0" el="42" ec="0" bec="0" bev="0" fileid="3" />
                <SequencePoint vc="0" uspid="68" ordinal="0" offset="41" sl="43" sc="0" el="43" ec="0" bec="0" bev="0" fileid="3" />
                <SequencePoint vc="0" uspid="69" ordinal="0" offset="45" sl="45" sc="0" el="45" ec="0" bec="0" bev="0" fileid="3" />
                <SequencePoint vc="0" uspid="70" ordinal="0" offset="52" sl="46" sc="0" el="46" ec="0" bec="0" bev="0" fileid="3" />
                <SequencePoint vc="0" uspid="71" ordinal="0" offset="56" sl="47" sc="0" el="47" ec="0" bec="0" bev="0" fileid="3" />
              </SequencePoints>
              <BranchPoints />
            </Method>
            <Method visited="false" cyclomaticComplexity="0" nPathComplexity="0" sequenceCoverage="0.0" branchCoverage="0" crapScore="0" isConstructor="false" isStatic="false" isGetter="false" isSetter="false">
              <Summary numSequencePoints="3" visitedSequencePoints="0" numBranchPoints="0" visitedBranchPoints="0" sequenceCoverage="0.0" branchCoverage="0" maxCyclomaticComplexity="0" minCyclomaticComplexity="0" maxCrapScore="0" minCrapScore="0" visitedClasses="0" numClasses="0" visitedMethods="0" numMethods="1" />
              <MetadataToken>100663317</MetadataToken>
              <Name>System.Boolean Rubickanov.ACS.Runtime.EntityContext::Has[T]()</Name>
              <FileRef uid="3" />
              <SequencePoints>
                <SequencePoint vc="0" uspid="72" ordinal="0" offset="0" sl="53" sc="0" el="53" ec="0" bec="0" bev="0" fileid="3" />
                <SequencePoint vc="0" uspid="73" ordinal="0" offset="1" sl="54" sc="0" el="54" ec="0" bec="0" bev="0" fileid="3" />
                <SequencePoint vc="0" uspid="74" ordinal="0" offset="25" sl="55" sc="0" el="55" ec="0" bec="0" bev="0" fileid="3" />
              </SequencePoints>
              <BranchPoints />
            </Method>
            <Method visited="true" cyclomaticComplexity="0" nPathComplexity="0" sequenceCoverage="100.0" branchCoverage="0" crapScore="0" isConstructor="false" isStatic="false" isGetter="false" isSetter="false">
              <Summary numSequencePoints="1" visitedSequencePoints="1" numBranchPoints="0" visitedBranchPoints="0" sequenceCoverage="100.0" branchCoverage="0" maxCyclomaticComplexity="0" minCyclomaticComplexity="0" maxCrapScore="0" minCrapScore="0" visitedClasses="0" numClasses="0" visitedMethods="1" numMethods="1" />
              <MetadataToken>100663318</MetadataToken>
              <Name>System.Collections.Generic.IEnumerable[Object] Rubickanov.ACS.Runtime.EntityContext::GetAllAspects()</Name>
              <FileRef uid="3" />
              <SequencePoints>
                <SequencePoint vc="80" uspid="75" ordinal="0" offset="0" sl="60" sc="55" el="60" ec="55" bec="0" bev="0" fileid="3" />
              </SequencePoints>
              <BranchPoints />
            </Method>
            <Method visited="true" cyclomaticComplexity="0" nPathComplexity="0" sequenceCoverage="100.0" branchCoverage="0" crapScore="0" isConstructor="false" isStatic="false" isGetter="false" isSetter="false">
              <Summary numSequencePoints="3" visitedSequencePoints="3" numBranchPoints="0" visitedBranchPoints="0" sequenceCoverage="100.0" branchCoverage="0" maxCyclomaticComplexity="0" minCyclomaticComplexity="0" maxCrapScore="0" minCrapScore="0" visitedClasses="0" numClasses="0" visitedMethods="1" numMethods="1" />
              <MetadataToken>100663319</MetadataToken>
              <Name>System.Void Rubickanov.ACS.Runtime.EntityContext::Start()</Name>
              <FileRef uid="3" />
              <SequencePoints>
                <SequencePoint vc="200" uspid="76" ordinal="0" offset="0" sl="63" sc="9" el="63" ec="9" bec="0" bev="0" fileid="3" />
                <SequencePoint vc="200" uspid="77" ordinal="0" offset="1" sl="64" sc="13" el="64" ec="13" bec="0" bev="0" fileid="3" />
                <SequencePoint vc="200" uspid="78" ordinal="0" offset="19" sl="65" sc="9" el="65" ec="9" bec="0" bev="0" fileid="3" />
              </SequencePoints>
              <BranchPoints />
            </Method>
            <Method visited="true" cyclomaticComplexity="0" nPathComplexity="0" sequenceCoverage="100.0" branchCoverage="0" crapScore="0" isConstructor="true" isStatic="false" isGetter="false" isSetter="false">
              <Summary numSequencePoints="1" visitedSequencePoints="1" numBranchPoints="0" visitedBranchPoints="0" sequenceCoverage="100.0" branchCoverage="0" maxCyclomaticComplexity="0" minCyclomaticComplexity="0" maxCrapScore="0" minCrapScore="0" visitedClasses="0" numClasses="0" visitedMethods="1" numMethods="1" />
              <MetadataToken>100663320</MetadataToken>
              <Name>Rubickanov.ACS.Runtime.EntityContext::EntityContext()</Name>
              <FileRef uid="3" />
              <SequencePoints>
                <SequencePoint vc="200" uspid="79" ordinal="0" offset="0" sl="20" sc="9" el="20" ec="9" bec="0" bev="0" fileid="3" />
              </SequencePoints>
              <BranchPoints />
            </Method>
          </Methods>
        </Class>
      </Classes>
    </Module>
    <Module>
      <Summary numSequencePoints="1026" visitedSequencePoints="946" numBranchPoints="0" visitedBranchPoints="0" sequenceCoverage="92.20" branchCoverage="0.0" maxCyclomaticComplexity="0" minCyclomaticComplexity="0" maxCrapScore="0" minCrapScore="0" visitedClasses="20" numClasses="20" visitedMethods="112" numMethods="114" />
      <ModuleTime>0001-01-01T00:00:00</ModuleTime>
      <ModuleName>ACS.Runtime.Netcode</ModuleName>
      <Files>
        <File uid="4" fullPath="/home/alex/projects/pet/unity-packages/packages/com.rubickanov.acs.netcode/Runtime/AotHints.cs" />
        <File uid="5" fullPath="/home/alex/projects/pet/unity-packages/packages/com.rubickanov.acs.netcode/Runtime/AspectReplicationSystem.cs" />
        <File uid="6" fullPath="/home/alex/projects/pet/unity-packages/packages/com.rubickanov.acs.netcode/Runtime/AspectReplicator.cs" />
        <File uid="7" fullPath="/home/alex/projects/pet/unity-packages/packages/com.rubickanov.acs.netcode/Runtime/EntityNetworkComponent.cs" />
        <File uid="8" fullPath="/home/alex/projects/pet/unity-packages/packages/com.rubickanov.acs.netcode/Runtime/InterpolatedFieldBinding.cs" />
        <File uid="9" fullPath="/home/alex/projects/pet/unity-packages/packages/com.rubickanov.acs.netcode/Runtime/Interpolators.cs" />
        <File uid="10" fullPath="/home/alex/projects/pet/unity-packages/packages/com.rubickanov.acs.netcode/Runtime/NetworkScopeAttribute.cs" />
        <File uid="11" fullPath="/home/alex/projects/pet/unity-packages/packages/com.rubickanov.acs.netcode/Runtime/NetworkScopeScanner.cs" />
        <File uid="12" fullPath="/home/alex/projects/pet/unity-packages/packages/com.rubickanov.acs.netcode/Runtime/ReplicatedEventAttribute.cs" />
        <File uid="13" fullPath="/home/alex/projects/pet/unity-packages/packages/com.rubickanov.acs.netcode/Runtime/ReplicatedEventBinding.cs" />
        <File uid="14" fullPath="/home/alex/projects/pet/unity-packages/packages/com.rubickanov.acs.netcode/Runtime/ReplicatedFieldBinding.cs" />
        <File uid="15" fullPath="/home/alex/projects/pet/unity-packages/packages/com.rubickanov.acs.netcode/Runtime/ReplicatedStateAttribute.cs" />
        <File uid="16" fullPath="/home/alex/projects/pet/unity-packages/packages/com.rubickanov.acs.netcode/Runtime/ReplicationScanner.cs" />
      </Files>
      <Classes>
        <Class>
          <Summary numSequencePoints="333" visitedSequencePoints="311" numBranchPoints="0" visitedBranchPoints="0" sequenceCoverage="93.39" branchCoverage="0.0" maxCyclomaticComplexity="0" minCyclomaticComplexity="0" maxCrapScore="0" minCrapScore="0" visitedClasses="1" numClasses="1" visitedMethods="22" numMethods="22" />
          <FullName>Rubickanov.ACS.Runtime.Netcode.AspectReplicationSystem</FullName>
          <Methods>
            <Method visited="true" cyclomaticComplexity="0" nPathComplexity="0" sequenceCoverage="100.0" branchCoverage="0" crapScore="0" isConstructor="false" isStatic="true" isGetter="false" isSetter="false">
              <Summary numSequencePoints="8" visitedSequencePoints="8" numBranchPoints="0" visitedBranchPoints="0" sequenceCoverage="100.0" branchCoverage="0" maxCyclomaticComplexity="0" minCyclomaticComplexity="0" maxCrapScore="0" minCrapScore="0" visitedClasses="0" numClasses="0" visitedMethods="1" numMethods="1" />
              <MetadataToken>100663306</MetadataToken>
              <Name>static Rubickanov.ACS.Runtime.Netcode.AspectReplicationSystem Rubickanov.ACS.Runtime.Netcode.AspectReplicationSystem::GetOrCreate(Unity.Netcode.NetworkManager)</Name>
              <FileRef uid="5" />
              <SequencePoints>
                <SequencePoint vc="80" uspid="100" ordinal="0" offset="0" sl="58" sc="9" el="58" ec="9" bec="0" bev="0" fileid="5" />
                <SequencePoint vc="80" uspid="101" ordinal="0" offset="1" sl="59" sc="13" el="59" ec="13" bec="0" bev="0" fileid="5" />
                <SequencePoint vc="71" uspid="102" ordinal="0" offset="21" sl="60" sc="13" el="60" ec="13" bec="0" bev="0" fileid="5" />
                <SequencePoint vc="71" uspid="103" ordinal="0" offset="22" sl="61" sc="17" el="61" ec="17" bec="0" bev="0" fileid="5" />
                <SequencePoint vc="71" uspid="104" ordinal="0" offset="29" sl="62" sc="17" el="62" ec="17" bec="0" bev="0" fileid="5" />
                <SequencePoint vc="71" uspid="105" ordinal="0" offset="42" sl="63" sc="13" el="63" ec="13" bec="0" bev="0" fileid="5" />
                <SequencePoint vc="80" uspid="106" ordinal="0" offset="43" sl="64" sc="13" el="64" ec="13" bec="0" bev="0" fileid="5" />
                <SequencePoint vc="80" uspid="107" ordinal="0" offset="47" sl="65" sc="9" el="65" ec="9" bec="0" bev="0" fileid="5" />
              </SequencePoints>
              <BranchPoints />
            </Method>
            <Method visited="true" cyclomaticComplexity="0" nPathComplexity="0" sequenceCoverage="100.0" branchCoverage="0" crapScore="0" isConstructor="false" isStatic="true" isGetter="false" isSetter="false">
              <Summary numSequencePoints="3" visitedSequencePoints="3" numBranchPoints="0" visitedBranchPoints="0" sequenceCoverage="100.0" branchCoverage="0" maxCyclomaticComplexity="0" minCyclomaticComplexity="0" maxCrapScore="0" minCrapScore="0" visitedClasses="0" numClasses="0" visitedMethods="1" numMethods="1" />
              <MetadataToken>100663307</MetadataToken>
              <Name>static System.Boolean Rubickanov.ACS.Runtime.Netcode.AspectReplicationSystem::TryGet(Unity.Netcode.NetworkManager, Rubickanov.ACS.Runtime.Netcode.AspectReplicationSystem&amp;)</Name>
              <FileRef uid="5" />
              <SequencePoints>
                <SequencePoint vc="2" uspid="108" ordinal="0" offset="0" sl="69" sc="9" el="69" ec="9" bec="0" bev="0" fileid="5" />
                <SequencePoint vc="2" uspid="109" ordinal="0" offset="1" sl="70" sc="13" el="70" ec="13" bec="0" bev="0" fileid="5" />
                <SequencePoint vc="2" uspid="110" ordinal="0" offset="16" sl="71" sc="9" el="71" ec="9" bec="0" bev="0" fileid="5" />
              </SequencePoints>
              <BranchPoints />
            </Method>
            <Method visited="true" cyclomaticComplexity="0" nPathComplexity="0" sequenceCoverage="100.0" branchCoverage="0" crapScore="0" isConstructor="false" isStatic="false" isGetter="true" isSetter="false">
              <Summary numSequencePoints="1" visitedSequencePoints="1" numBranchPoints="0" visitedBranchPoints="0" sequenceCoverage="100.0" branchCoverage="0" maxCyclomaticComplexity="0" minCyclomaticComplexity="0" maxCrapScore="0" minCrapScore="0" visitedClasses="0" numClasses="0" visitedMethods="1" numMethods="1" />
              <MetadataToken>100663308</MetadataToken>
              <Name>System.Int32 Rubickanov.ACS.Runtime.Netcode.AspectReplicationSystem::get_ReplicatorCount()</Name>
              <FileRef uid="5" />
              <SequencePoints>
                <SequencePoint vc="1" uspid="111" ordinal="0" offset="0" sl="73" sc="41" el="73" ec="41" bec="0" bev="0" fileid="5" />
              </SequencePoints>
              <BranchPoints />
            </Method>
            <Method visited="true" cyclomaticComplexity="0" nPathComplexity="0" sequenceCoverage="87.50" branchCoverage="0" crapScore="0" isConstructor="false" isStatic="false" isGetter="false" isSetter="false">
              <Summary numSequencePoints="8" visitedSequencePoints="7" numBranchPoints="0" visitedBranchPoints="0" sequenceCoverage="87.50" branchCoverage="0" maxCyclomaticComplexity="0" minCyclomaticComplexity="0" maxCrapScore="0" minCrapScore="0" visitedClasses="0" numClasses="0" visitedMethods="1" numMethods="1" />
              <MetadataToken>100663309</MetadataToken>
              <Name>System.Void Rubickanov.ACS.Runtime.Netcode.AspectReplicationSystem::Register(Rubickanov.ACS.Runtime.Netcode.AspectReplicator)</Name>
              <FileRef uid="5" />
              <SequencePoints>
                <SequencePoint vc="80" uspid="112" ordinal="0" offset="0" sl="76" sc="9" el="76" ec="9" bec="0" bev="0" fileid="5" />
                <SequencePoint vc="80" uspid="113" ordinal="0" offset="1" sl="77" sc="13" el="77" ec="13" bec="0" bev="0" fileid="5" />
                <SequencePoint vc="80" uspid="114" ordinal="0" offset="8" sl="78" sc="13" el="78" ec="13" bec="0" bev="0" fileid="5" />
                <SequencePoint vc="0" uspid="115" ordinal="0" offset="24" sl="78" sc="53" el="78" ec="53" bec="0" bev="0" fileid="5" />
                <SequencePoint vc="80" uspid="116" ordinal="0" offset="26" sl="80" sc="13" el="80" ec="13" bec="0" bev="0" fileid="5" />
                <SequencePoint vc="80" uspid="117" ordinal="0" offset="40" sl="81" sc="13" el="81" ec="13" bec="0" bev="0" fileid="5" />
                <SequencePoint vc="80" uspid="118" ordinal="0" offset="53" sl="82" sc="13" el="82" ec="13" bec="0" bev="0" fileid="5" />
                <SequencePoint vc="80" uspid="119" ordinal="0" offset="60" sl="83" sc="9" el="83" ec="9" bec="0" bev="0" fileid="5" />
              </SequencePoints>
              <BranchPoints />
            </Method>
            <Method visited="true" cyclomaticComplexity="0" nPathComplexity="0" sequenceCoverage="88.89" branchCoverage="0" crapScore="0" isConstructor="false" isStatic="false" isGetter="false" isSetter="false">
              <Summary numSequencePoints="9" visitedSequencePoints="8" numBranchPoints="0" visitedBranchPoints="0" sequenceCoverage="88.89" branchCoverage="0" maxCyclomaticComplexity="0" minCyclomaticComplexity="0" maxCrapScore="0" minCrapScore="0" visitedClasses="0" numClasses="0" visitedMethods="1" numMethods="1" />
              <MetadataToken>100663310</MetadataToken>
              <Name>System.Void Rubickanov.ACS.Runtime.Netcode.AspectReplicationSystem::Unregister(Rubickanov.ACS.Runtime.Netcode.AspectReplicator)</Name>
              <FileRef uid="5" />
              <SequencePoints>
                <SequencePoint vc="64" uspid="120" ordinal="0" offset="0" sl="86" sc="9" el="86" ec="9" bec="0" bev="0" fileid="5" />
                <SequencePoint vc="64" uspid="121" ordinal="0" offset="1" sl="87" sc="13" el="87" ec="13" bec="0" bev="0" fileid="5" />
                <SequencePoint vc="64" uspid="122" ordinal="0" offset="8" sl="88" sc="13" el="88" ec="13" bec="0" bev="0" fileid="5" />
                <SequencePoint vc="0" uspid="123" ordinal="0" offset="27" sl="88" sc="49" el="88" ec="49" bec="0" bev="0" fileid="5" />
                <SequencePoint vc="64" uspid="124" ordinal="0" offset="29" sl="90" sc="13" el="90" ec="13" bec="0" bev="0" fileid="5" />
                <SequencePoint vc="64" uspid="125" ordinal="0" offset="42" sl="91" sc="13" el="91" ec="13" bec="0" bev="0" fileid="5" />
                <SequencePoint vc="64" uspid="126" ordinal="0" offset="49" sl="93" sc="13" el="93" ec="13" bec="0" bev="0" fileid="5" />
                <SequencePoint vc="56" uspid="127" ordinal="0" offset="67" sl="94" sc="17" el="94" ec="17" bec="0" bev="0" fileid="5" />
                <SequencePoint vc="64" uspid="128" ordinal="0" offset="74" sl="95" sc="9" el="95" ec="9" bec="0" bev="0" fileid="5" />
              </SequencePoints>
              <BranchPoints />
            </Method>
            <Method visited="true" cyclomaticComplexity="0" nPathComplexity="0" sequenceCoverage="95.83" branchCoverage="0" crapScore="0" isConstructor="false" isStatic="false" isGetter="false" isSetter="false">
              <Summary numSequencePoints="24" visitedSequencePoints="23" numBranchPoints="0" visitedBranchPoints="0" sequenceCoverage="95.83" branchCoverage="0" maxCyclomaticComplexity="0" minCyclomaticComplexity="0" maxCrapScore="0" minCrapScore="0" visitedClasses="0" numClasses="0" visitedMethods="1" numMethods="1" />
              <MetadataToken>100663311</MetadataToken>
              <Name>System.Void Rubickanov.ACS.Runtime.Netcode.AspectReplicationSystem::Dispose()</Name>
              <FileRef uid="5" />
              <SequencePoints>
                <SequencePoint vc="56" uspid="129" ordinal="0" offset="0" sl="98" sc="9" el="98" ec="9" bec="0" bev="0" fileid="5" />
                <SequencePoint vc="56" uspid="130" ordinal="0" offset="1" sl="99" sc="13" el="99" ec="13" bec="0" bev="0" fileid="5" />
                <SequencePoint vc="0" uspid="131" ordinal="0" offset="11" sl="99" sc="28" el="99" ec="28" bec="0" bev="0" fileid="5" />
                <SequencePoint vc="56" uspid="132" ordinal="0" offset="16" sl="100" sc="13" el="100" ec="13" bec="0" bev="0" fileid="5" />
                <SequencePoint vc="56" uspid="133" ordinal="0" offset="23" sl="102" sc="13" el="102" ec="13" bec="0" bev="0" fileid="5" />
                <SequencePoint vc="56" uspid="134" ordinal="0" offset="52" sl="103" sc="13" el="103" ec="13" bec="0" bev="0" fileid="5" />
                <SequencePoint vc="56" uspid="135" ordinal="0" offset="76" sl="104" sc="13" el="104" ec="13" bec="0" bev="0" fileid="5" />
                <SequencePoint vc="56" uspid="136" ordinal="0" offset="100" sl="106" sc="13" el="106" ec="13" bec="0" bev="0" fileid="5" />
                <SequencePoint vc="12" uspid="137" ordinal="0" offset="118" sl="107" sc="13" el="107" ec="13" bec="0" bev="0" fileid="5" />
                <SequencePoint vc="12" uspid="138" ordinal="0" offset="119" sl="108" sc="17" el="108" ec="17" bec="0" bev="0" fileid="5" />
                <SequencePoint vc="12" uspid="139" ordinal="0" offset="131" sl="109" sc="17" el="109" ec="17" bec="0" bev="0" fileid="5" />
                <SequencePoint vc="12" uspid="140" ordinal="0" offset="143" sl="110" sc="17" el="110" ec="17" bec="0" bev="0" fileid="5" />
                <SequencePoint vc="12" uspid="141" ordinal="0" offset="155" sl="111" sc="17" el="111" ec="17" bec="0" bev="0" fileid="5" />
                <SequencePoint vc="12" uspid="142" ordinal="0" offset="167" sl="112" sc="17" el="112" ec="17" bec="0" bev="0" fileid="5" />
                <SequencePoint vc="12" uspid="143" ordinal="0" offset="179" sl="113" sc="17" el="113" ec="17" bec="0" bev="0" fileid="5" />
                <SequencePoint vc="12" uspid="144" ordinal="0" offset="191" sl="114" sc="17" el="114" ec="17" bec="0" bev="0" fileid="5" />
                <SequencePoint vc="12" uspid="145" ordinal="0" offset="203" sl="115" sc="17" el="115" ec="17" bec="0" bev="0" fileid="5" />
                <SequencePoint vc="12" uspid="146" ordinal="0" offset="215" sl="116" sc="17" el="116" ec="17" bec="0" bev="0" fileid="5" />
                <SequencePoint vc="12" uspid="147" ordinal="0" offset="227" sl="117" sc="13" el="117" ec="13" bec="0" bev="0" fileid="5" />
                <SequencePoint vc="56" uspid="148" ordinal="0" offset="228" sl="119" sc="13" el="119" ec="13" bec="0" bev="0" fileid="5" />
                <SequencePoint vc="56" uspid="149" ordinal="0" offset="240" sl="120" sc="13" el="120" ec="13" bec="0" bev="0" fileid="5" />
                <SequencePoint vc="56" uspid="150" ordinal="0" offset="252" sl="121" sc="13" el="121" ec="13" bec="0" bev="0" fileid="5" />
                <SequencePoint vc="56" uspid="151" ordinal="0" offset="263" sl="122" sc="13" el="122" ec="13" bec="0" bev="0" fileid="5" />
                <SequencePoint vc="56" uspid="152" ordinal="0" offset="280" sl="123" sc="9" el="123" ec="9" bec="0" bev="0" fileid="5" />
              </SequencePoints>
              <BranchPoints />
            </Method>
            <Method visited="true" cyclomaticComplexity="0" nPathComplexity="0" sequenceCoverage="92.86" branchCoverage="0" crapScore="0" isConstructor="false" isStatic="false" isGetter="false" isSetter="false">
              <Summary numSequencePoints="14" visitedSequencePoints="13" numBranchPoints="0" visitedBranchPoints="0" sequenceCoverage="92.86" branchCoverage="0" maxCyclomaticComplexity="0" minCyclomaticComplexity="0" maxCrapScore="0" minCrapScore="0" visitedClasses="0" numClasses="0" visitedMethods="1" numMethods="1" />
              <MetadataToken>100663312</MetadataToken>
              <Name>System.Void Rubickanov.ACS.Runtime.Netcode.AspectReplicationSystem::OnTick()</Name>
              <FileRef uid="5" />
              <SequencePoints>
                <SequencePoint vc="303" uspid="153" ordinal="0" offset="0" sl="130" sc="9" el="130" ec="9" bec="0" bev="0" fileid="5" />
                <SequencePoint vc="303" uspid="154" ordinal="0" offset="1" sl="131" sc="13" el="131" ec="13" bec="0" bev="0" fileid="5" />
                <SequencePoint vc="0" uspid="155" ordinal="0" offset="11" sl="131" sc="28" el="131" ec="28" bec="0" bev="0" fileid="5" />
                <SequencePoint vc="303" uspid="156" ordinal="0" offset="13" sl="133" sc="13" el="133" ec="13" bec="0" bev="0" fileid="5" />
                <SequencePoint vc="71" uspid="157" ordinal="0" offset="23" sl="134" sc="13" el="134" ec="13" bec="0" bev="0" fileid="5" />
                <SequencePoint vc="71" uspid="158" ordinal="0" offset="24" sl="135" sc="17" el="135" ec="17" bec="0" bev="0" fileid="5" />
                <SequencePoint vc="71" uspid="159" ordinal="0" offset="41" sl="136" sc="17" el="136" ec="17" bec="0" bev="0" fileid="5" />
                <SequencePoint vc="71" uspid="160" ordinal="0" offset="48" sl="137" sc="13" el="137" ec="13" bec="0" bev="0" fileid="5" />
                <SequencePoint vc="303" uspid="161" ordinal="0" offset="49" sl="139" sc="13" el="139" ec="13" bec="0" bev="0" fileid="5" />
                <SequencePoint vc="74" uspid="162" ordinal="0" offset="59" sl="140" sc="17" el="140" ec="17" bec="0" bev="0" fileid="5" />
                <SequencePoint vc="303" uspid="163" ordinal="0" offset="66" sl="142" sc="13" el="142" ec="13" bec="0" bev="0" fileid="5" />
                <SequencePoint vc="87" uspid="164" ordinal="0" offset="81" sl="143" sc="17" el="143" ec="17" bec="0" bev="0" fileid="5" />
                <SequencePoint vc="303" uspid="165" ordinal="0" offset="88" sl="145" sc="13" el="145" ec="13" bec="0" bev="0" fileid="5" />
                <SequencePoint vc="303" uspid="166" ordinal="0" offset="95" sl="146" sc="9" el="146" ec="9" bec="0" bev="0" fileid="5" />
              </SequencePoints>
              <BranchPoints />
            </Method>
            <Method visited="true" cyclomaticComplexity="0" nPathComplexity="0" sequenceCoverage="93.18" branchCoverage="0" crapScore="0" isConstructor="false" isStatic="false" isGetter="false" isSetter="false">
              <Summary numSequencePoints="88" visitedSequencePoints="82" numBranchPoints="0" visitedBranchPoints="0" sequenceCoverage="93.18" branchCoverage="0" maxCyclomaticComplexity="0" minCyclomaticComplexity="0" maxCrapScore="0" minCrapScore="0" visitedClasses="0" numClasses="0" visitedMethods="1" numMethods="1" />
              <MetadataToken>100663313</MetadataToken>
              <Name>System.Void Rubickanov.ACS.Runtime.Netcode.AspectReplicationSystem::ServerTick()</Name>
              <FileRef uid="5" />
              <SequencePoints>
                <SequencePoint vc="87" uspid="167" ordinal="0" offset="0" sl="149" sc="9" el="149" ec="9" bec="0" bev="0" fileid="5" />
                <SequencePoint vc="87" uspid="168" ordinal="0" offset="1" sl="151" sc="13" el="151" ec="13" bec="0" bev="0" fileid="5" />
                <SequencePoint vc="87" uspid="169" ordinal="0" offset="3" sl="152" sc="13" el="152" ec="13" bec="0" bev="0" fileid="5" />
                <SequencePoint vc="87" uspid="170" ordinal="0" offset="5" sl="154" sc="18" el="154" ec="18" bec="0" bev="0" fileid="5" />
                <SequencePoint vc="91" uspid="171" ordinal="0" offset="13" sl="155" sc="13" el="155" ec="13" bec="0" bev="0" fileid="5" />
                <SequencePoint vc="91" uspid="172" ordinal="0" offset="14" sl="156" sc="17" el="156" ec="17" bec="0" bev="0" fileid="5" />
                <SequencePoint vc="91" uspid="173" ordinal="0" offset="25" sl="157" sc="17" el="157" ec="17" bec="0" bev="0" fileid="5" />
                <SequencePoint vc="0" uspid="174" ordinal="0" offset="41" sl="157" sc="37" el="157" ec="37" bec="0" bev="0" fileid="5" />
                <SequencePoint vc="91" uspid="175" ordinal="0" offset="46" sl="159" sc="17" el="159" ec="17" bec="0" bev="0" fileid="5" />
                <SequencePoint vc="91" uspid="176" ordinal="0" offset="55" sl="160" sc="17" el="160" ec="17" bec="0" bev="0" fileid="5" />
                <SequencePoint vc="91" uspid="177" ordinal="0" offset="64" sl="161" sc="17" el="161" ec="17" bec="0" bev="0" fileid="5" />
                <SequencePoint vc="91" uspid="178" ordinal="0" offset="73" sl="163" sc="17" el="163" ec="17" bec="0" bev="0" fileid="5" />
                <SequencePoint vc="91" uspid="179" ordinal="0" offset="84" sl="164" sc="17" el="164" ec="17" bec="0" bev="0" fileid="5" />
                <SequencePoint vc="91" uspid="180" ordinal="0" offset="87" sl="165" sc="22" el="165" ec="22" bec="0" bev="0" fileid="5" />
                <SequencePoint vc="183" uspid="181" ordinal="0" offset="92" sl="166" sc="17" el="166" ec="17" bec="0" bev="0" fileid="5" />
                <SequencePoint vc="183" uspid="182" ordinal="0" offset="93" sl="167" sc="21" el="167" ec="21" bec="0" bev="0" fileid="5" />
                <SequencePoint vc="122" uspid="183" ordinal="0" offset="109" sl="168" sc="21" el="168" ec="21" bec="0" bev="0" fileid="5" />
                <SequencePoint vc="122" uspid="184" ordinal="0" offset="110" sl="169" sc="25" el="169" ec="25" bec="0" bev="0" fileid="5" />
                <SequencePoint vc="122" uspid="185" ordinal="0" offset="136" sl="170" sc="25" el="170" ec="25" bec="0" bev="0" fileid="5" />
                <SequencePoint vc="122" uspid="186" ordinal="0" offset="139" sl="171" sc="21" el="171" ec="21" bec="0" bev="0" fileid="5" />
                <SequencePoint vc="183" uspid="187" ordinal="0" offset="140" sl="172" sc="17" el="172" ec="17" bec="0" bev="0" fileid="5" />
                <SequencePoint vc="183" uspid="188" ordinal="0" offset="141" sl="165" sc="54" el="165" ec="54" bec="0" bev="0" fileid="5" />
                <SequencePoint vc="274" uspid="189" ordinal="0" offset="147" sl="165" sc="33" el="165" ec="33" bec="0" bev="0" fileid="5" />
                <SequencePoint vc="91" uspid="190" ordinal="0" offset="161" sl="174" sc="17" el="174" ec="17" bec="0" bev="0" fileid="5" />
                <SequencePoint vc="54" uspid="191" ordinal="0" offset="172" sl="174" sc="32" el="174" ec="32" bec="0" bev="0" fileid="5" />
                <SequencePoint vc="37" uspid="192" ordinal="0" offset="174" sl="176" sc="17" el="176" ec="17" bec="0" bev="0" fileid="5" />
                <SequencePoint vc="37" uspid="193" ordinal="0" offset="178" sl="177" sc="17" el="177" ec="17" bec="0" bev="0" fileid="5" />
                <SequencePoint vc="37" uspid="194" ordinal="0" offset="186" sl="178" sc="22" el="178" ec="22" bec="0" bev="0" fileid="5" />
                <SequencePoint vc="137" uspid="195" ordinal="0" offset="191" sl="179" sc="17" el="179" ec="17" bec="0" bev="0" fileid="5" />
                <SequencePoint vc="137" uspid="196" ordinal="0" offset="192" sl="180" sc="21" el="180" ec="21" bec="0" bev="0" fileid="5" />
                <SequencePoint vc="122" uspid="197" ordinal="0" offset="218" sl="181" sc="25" el="181" ec="25" bec="0" bev="0" fileid="5" />
                <SequencePoint vc="137" uspid="198" ordinal="0" offset="231" sl="182" sc="17" el="182" ec="17" bec="0" bev="0" fileid="5" />
                <SequencePoint vc="137" uspid="199" ordinal="0" offset="232" sl="178" sc="54" el="178" ec="54" bec="0" bev="0" fileid="5" />
                <SequencePoint vc="174" uspid="200" ordinal="0" offset="238" sl="178" sc="33" el="178" ec="33" bec="0" bev="0" fileid="5" />
                <SequencePoint vc="37" uspid="201" ordinal="0" offset="252" sl="183" sc="13" el="183" ec="13" bec="0" bev="0" fileid="5" />
                <SequencePoint vc="91" uspid="202" ordinal="0" offset="253" sl="154" sc="60" el="154" ec="60" bec="0" bev="0" fileid="5" />
                <SequencePoint vc="178" uspid="203" ordinal="0" offset="259" sl="154" sc="29" el="154" ec="29" bec="0" bev="0" fileid="5" />
                <SequencePoint vc="87" uspid="204" ordinal="0" offset="280" sl="185" sc="13" el="185" ec="13" bec="0" bev="0" fileid="5" />
                <SequencePoint vc="54" uspid="205" ordinal="0" offset="290" sl="185" sc="34" el="185" ec="34" bec="0" bev="0" fileid="5" />
                <SequencePoint vc="33" uspid="206" ordinal="0" offset="295" sl="186" sc="13" el="186" ec="13" bec="0" bev="0" fileid="5" />
                <SequencePoint vc="0" uspid="207" ordinal="0" offset="315" sl="186" sc="49" el="186" ec="49" bec="0" bev="0" fileid="5" />
                <SequencePoint vc="33" uspid="208" ordinal="0" offset="320" sl="188" sc="13" el="188" ec="13" bec="0" bev="0" fileid="5" />
                <SequencePoint vc="33" uspid="209" ordinal="0" offset="346" sl="190" sc="13" el="190" ec="13" bec="0" bev="0" fileid="5" />
                <SequencePoint vc="33" uspid="210" ordinal="0" offset="356" sl="192" sc="13" el="192" ec="13" bec="0" bev="0" fileid="5" />
                <SequencePoint vc="33" uspid="211" ordinal="0" offset="357" sl="193" sc="17" el="193" ec="17" bec="0" bev="0" fileid="5" />
                <SequencePoint vc="33" uspid="212" ordinal="0" offset="381" sl="195" sc="22" el="195" ec="22" bec="0" bev="0" fileid="5" />
                <SequencePoint vc="37" uspid="213" ordinal="0" offset="389" sl="196" sc="17" el="196" ec="17" bec="0" bev="0" fileid="5" />
                <SequencePoint vc="37" uspid="214" ordinal="0" offset="390" sl="197" sc="21" el="197" ec="21" bec="0" bev="0" fileid="5" />
                <SequencePoint vc="37" uspid="215" ordinal="0" offset="401" sl="198" sc="21" el="198" ec="21" bec="0" bev="0" fileid="5" />
                <SequencePoint vc="0" uspid="216" ordinal="0" offset="417" sl="198" sc="41" el="198" ec="41" bec="0" bev="0" fileid="5" />
                <SequencePoint vc="37" uspid="217" ordinal="0" offset="422" sl="200" sc="21" el="200" ec="21" bec="0" bev="0" fileid="5" />
                <SequencePoint vc="37" uspid="218" ordinal="0" offset="431" sl="201" sc="21" el="201" ec="21" bec="0" bev="0" fileid="5" />
                <SequencePoint vc="37" uspid="219" ordinal="0" offset="440" sl="202" sc="21" el="202" ec="21" bec="0" bev="0" fileid="5" />
                <SequencePoint vc="37" uspid="220" ordinal="0" offset="449" sl="205" sc="21" el="205" ec="21" bec="0" bev="0" fileid="5" />
                <SequencePoint vc="37" uspid="221" ordinal="0" offset="452" sl="206" sc="26" el="206" ec="26" bec="0" bev="0" fileid="5" />
                <SequencePoint vc="37" uspid="222" ordinal="0" offset="457" sl="207" sc="21" el="207" ec="21" bec="0" bev="0" fileid="5" />
                <SequencePoint vc="37" uspid="223" ordinal="0" offset="458" sl="208" sc="25" el="208" ec="25" bec="0" bev="0" fileid="5" />
                <SequencePoint vc="37" uspid="224" ordinal="0" offset="472" sl="208" sc="49" el="208" ec="49" bec="0" bev="0" fileid="5" />
                <SequencePoint vc="37" uspid="225" ordinal="0" offset="473" sl="208" sc="51" el="208" ec="51" bec="0" bev="0" fileid="5" />
                <SequencePoint vc="37" uspid="226" ordinal="0" offset="476" sl="208" sc="68" el="208" ec="68" bec="0" bev="0" fileid="5" />
                <SequencePoint vc="0" uspid="227" ordinal="0" offset="478" sl="209" sc="21" el="209" ec="21" bec="0" bev="0" fileid="5" />
                <SequencePoint vc="0" uspid="228" ordinal="0" offset="479" sl="206" sc="56" el="206" ec="56" bec="0" bev="0" fileid="5" />
                <SequencePoint vc="37" uspid="229" ordinal="0" offset="485" sl="206" sc="37" el="206" ec="37" bec="0" bev="0" fileid="5" />
                <SequencePoint vc="37" uspid="230" ordinal="0" offset="497" sl="210" sc="21" el="210" ec="21" bec="0" bev="0" fileid="5" />
                <SequencePoint vc="0" uspid="231" ordinal="0" offset="508" sl="210" sc="36" el="210" ec="36" bec="0" bev="0" fileid="5" />
                <SequencePoint vc="37" uspid="232" ordinal="0" offset="513" sl="212" sc="21" el="212" ec="21" bec="0" bev="0" fileid="5" />
                <SequencePoint vc="37" uspid="233" ordinal="0" offset="542" sl="213" sc="21" el="213" ec="21" bec="0" bev="0" fileid="5" />
                <SequencePoint vc="37" uspid="234" ordinal="0" offset="562" sl="214" sc="28" el="214" ec="28" bec="0" bev="0" fileid="5" />
                <SequencePoint vc="37" uspid="235" ordinal="0" offset="592" sl="215" sc="25" el="215" ec="25" bec="0" bev="0" fileid="5" />
                <SequencePoint vc="37" uspid="236" ordinal="0" offset="611" sl="217" sc="26" el="217" ec="26" bec="0" bev="0" fileid="5" />
                <SequencePoint vc="137" uspid="237" ordinal="0" offset="616" sl="218" sc="21" el="218" ec="21" bec="0" bev="0" fileid="5" />
                <SequencePoint vc="137" uspid="238" ordinal="0" offset="617" sl="219" sc="25" el="219" ec="25" bec="0" bev="0" fileid="5" />
                <SequencePoint vc="122" uspid="239" ordinal="0" offset="643" sl="220" sc="25" el="220" ec="25" bec="0" bev="0" fileid="5" />
                <SequencePoint vc="122" uspid="240" ordinal="0" offset="644" sl="221" sc="29" el="221" ec="29" bec="0" bev="0" fileid="5" />
                <SequencePoint vc="122" uspid="241" ordinal="0" offset="656" sl="222" sc="29" el="222" ec="29" bec="0" bev="0" fileid="5" />
                <SequencePoint vc="122" uspid="242" ordinal="0" offset="667" sl="223" sc="25" el="223" ec="25" bec="0" bev="0" fileid="5" />
                <SequencePoint vc="137" uspid="243" ordinal="0" offset="668" sl="224" sc="21" el="224" ec="21" bec="0" bev="0" fileid="5" />
                <SequencePoint vc="137" uspid="244" ordinal="0" offset="669" sl="217" sc="58" el="217" ec="58" bec="0" bev="0" fileid="5" />
                <SequencePoint vc="174" uspid="245" ordinal="0" offset="675" sl="217" sc="37" el="217" ec="37" bec="0" bev="0" fileid="5" />
                <SequencePoint vc="37" uspid="246" ordinal="0" offset="689" sl="225" sc="17" el="225" ec="17" bec="0" bev="0" fileid="5" />
                <SequencePoint vc="37" uspid="247" ordinal="0" offset="690" sl="195" sc="64" el="195" ec="64" bec="0" bev="0" fileid="5" />
                <SequencePoint vc="70" uspid="248" ordinal="0" offset="696" sl="195" sc="33" el="195" ec="33" bec="0" bev="0" fileid="5" />
                <SequencePoint vc="33" uspid="249" ordinal="0" offset="717" sl="227" sc="17" el="227" ec="17" bec="0" bev="0" fileid="5" />
                <SequencePoint vc="33" uspid="250" ordinal="0" offset="747" sl="229" sc="13" el="229" ec="13" bec="0" bev="0" fileid="5" />
                <SequencePoint vc="33" uspid="251" ordinal="0" offset="750" sl="231" sc="13" el="231" ec="13" bec="0" bev="0" fileid="5" />
                <SequencePoint vc="33" uspid="252" ordinal="0" offset="751" sl="232" sc="17" el="232" ec="17" bec="0" bev="0" fileid="5" />
                <SequencePoint vc="33" uspid="253" ordinal="0" offset="759" sl="233" sc="13" el="233" ec="13" bec="0" bev="0" fileid="5" />
                <SequencePoint vc="87" uspid="254" ordinal="0" offset="761" sl="234" sc="9" el="234" ec="9" bec="0" bev="0" fileid="5" />
              </SequencePoints>
              <BranchPoints />
            </Method>
            <Method visited="true" cyclomaticComplexity="0" nPathComplexity="0" sequenceCoverage="98.33" branchCoverage="0" crapScore="0" isConstructor="false" isStatic="false" isGetter="false" isSetter="false">
              <Summary numSequencePoints="60" visitedSequencePoints="59" numBranchPoints="0" visitedBranchPoints="0" sequenceCoverage="98.33" branchCoverage="0" maxCyclomaticComplexity="0" minCyclomaticComplexity="0" maxCrapScore="0" minCrapScore="0" visitedClasses="0" numClasses="0" visitedMethods="1" numMethods="1" />
              <MetadataToken>100663314</MetadataToken>
              <Name>System.Void Rubickanov.ACS.Runtime.Netcode.AspectReplicationSystem::OwnerTick()</Name>
              <FileRef uid="5" />
              <SequencePoints>
                <SequencePoint vc="303" uspid="255" ordinal="0" offset="0" sl="237" sc="9" el="237" ec="9" bec="0" bev="0" fileid="5" />
                <SequencePoint vc="303" uspid="256" ordinal="0" offset="1" sl="238" sc="18" el="238" ec="18" bec="0" bev="0" fileid="5" />
                <SequencePoint vc="321" uspid="257" ordinal="0" offset="8" sl="239" sc="13" el="239" ec="13" bec="0" bev="0" fileid="5" />
                <SequencePoint vc="321" uspid="258" ordinal="0" offset="9" sl="240" sc="17" el="240" ec="17" bec="0" bev="0" fileid="5" />
                <SequencePoint vc="321" uspid="259" ordinal="0" offset="18" sl="241" sc="17" el="241" ec="17" bec="0" bev="0" fileid="5" />
                <SequencePoint vc="0" uspid="260" ordinal="0" offset="33" sl="241" sc="37" el="241" ec="37" bec="0" bev="0" fileid="5" />
                <SequencePoint vc="321" uspid="261" ordinal="0" offset="38" sl="242" sc="17" el="242" ec="17" bec="0" bev="0" fileid="5" />
                <SequencePoint vc="295" uspid="262" ordinal="0" offset="61" sl="242" sc="51" el="242" ec="51" bec="0" bev="0" fileid="5" />
                <SequencePoint vc="26" uspid="263" ordinal="0" offset="66" sl="244" sc="17" el="244" ec="17" bec="0" bev="0" fileid="5" />
                <SequencePoint vc="26" uspid="264" ordinal="0" offset="73" sl="245" sc="17" el="245" ec="17" bec="0" bev="0" fileid="5" />
                <SequencePoint vc="26" uspid="265" ordinal="0" offset="80" sl="246" sc="17" el="246" ec="17" bec="0" bev="0" fileid="5" />
                <SequencePoint vc="26" uspid="266" ordinal="0" offset="88" sl="247" sc="17" el="247" ec="17" bec="0" bev="0" fileid="5" />
                <SequencePoint vc="26" uspid="267" ordinal="0" offset="96" sl="249" sc="17" el="249" ec="17" bec="0" bev="0" fileid="5" />
                <SequencePoint vc="26" uspid="268" ordinal="0" offset="107" sl="250" sc="17" el="250" ec="17" bec="0" bev="0" fileid="5" />
                <SequencePoint vc="26" uspid="269" ordinal="0" offset="110" sl="251" sc="22" el="251" ec="22" bec="0" bev="0" fileid="5" />
                <SequencePoint vc="24" uspid="270" ordinal="0" offset="115" sl="252" sc="17" el="252" ec="17" bec="0" bev="0" fileid="5" />
                <SequencePoint vc="24" uspid="271" ordinal="0" offset="116" sl="253" sc="21" el="253" ec="21" bec="0" bev="0" fileid="5" />
                <SequencePoint vc="12" uspid="272" ordinal="0" offset="132" sl="253" sc="64" el="253" ec="64" bec="0" bev="0" fileid="5" />
                <SequencePoint vc="12" uspid="273" ordinal="0" offset="134" sl="254" sc="21" el="254" ec="21" bec="0" bev="0" fileid="5" />
                <SequencePoint vc="5" uspid="274" ordinal="0" offset="149" sl="255" sc="21" el="255" ec="21" bec="0" bev="0" fileid="5" />
                <SequencePoint vc="5" uspid="275" ordinal="0" offset="150" sl="256" sc="25" el="256" ec="25" bec="0" bev="0" fileid="5" />
                <SequencePoint vc="5" uspid="276" ordinal="0" offset="176" sl="257" sc="25" el="257" ec="25" bec="0" bev="0" fileid="5" />
                <SequencePoint vc="5" uspid="277" ordinal="0" offset="179" sl="258" sc="21" el="258" ec="21" bec="0" bev="0" fileid="5" />
                <SequencePoint vc="12" uspid="278" ordinal="0" offset="180" sl="259" sc="17" el="259" ec="17" bec="0" bev="0" fileid="5" />
                <SequencePoint vc="24" uspid="279" ordinal="0" offset="181" sl="251" sc="54" el="251" ec="54" bec="0" bev="0" fileid="5" />
                <SequencePoint vc="50" uspid="280" ordinal="0" offset="187" sl="251" sc="33" el="251" ec="33" bec="0" bev="0" fileid="5" />
                <SequencePoint vc="26" uspid="281" ordinal="0" offset="200" sl="261" sc="17" el="261" ec="17" bec="0" bev="0" fileid="5" />
                <SequencePoint vc="21" uspid="282" ordinal="0" offset="211" sl="261" sc="32" el="261" ec="32" bec="0" bev="0" fileid="5" />
                <SequencePoint vc="5" uspid="283" ordinal="0" offset="216" sl="263" sc="17" el="263" ec="17" bec="0" bev="0" fileid="5" />
                <SequencePoint vc="5" uspid="284" ordinal="0" offset="222" sl="264" sc="22" el="264" ec="22" bec="0" bev="0" fileid="5" />
                <SequencePoint vc="10" uspid="285" ordinal="0" offset="227" sl="265" sc="17" el="265" ec="17" bec="0" bev="0" fileid="5" />
                <SequencePoint vc="10" uspid="286" ordinal="0" offset="228" sl="266" sc="21" el="266" ec="21" bec="0" bev="0" fileid="5" />
                <SequencePoint vc="5" uspid="287" ordinal="0" offset="254" sl="267" sc="25" el="267" ec="25" bec="0" bev="0" fileid="5" />
                <SequencePoint vc="10" uspid="288" ordinal="0" offset="268" sl="268" sc="17" el="268" ec="17" bec="0" bev="0" fileid="5" />
                <SequencePoint vc="10" uspid="289" ordinal="0" offset="269" sl="264" sc="54" el="264" ec="54" bec="0" bev="0" fileid="5" />
                <SequencePoint vc="15" uspid="290" ordinal="0" offset="275" sl="264" sc="33" el="264" ec="33" bec="0" bev="0" fileid="5" />
                <SequencePoint vc="5" uspid="291" ordinal="0" offset="288" sl="270" sc="17" el="270" ec="17" bec="0" bev="0" fileid="5" />
                <SequencePoint vc="5" uspid="292" ordinal="0" offset="299" sl="272" sc="17" el="272" ec="17" bec="0" bev="0" fileid="5" />
                <SequencePoint vc="5" uspid="293" ordinal="0" offset="300" sl="273" sc="21" el="273" ec="21" bec="0" bev="0" fileid="5" />
                <SequencePoint vc="5" uspid="294" ordinal="0" offset="328" sl="274" sc="28" el="274" ec="28" bec="0" bev="0" fileid="5" />
                <SequencePoint vc="5" uspid="295" ordinal="0" offset="358" sl="275" sc="25" el="275" ec="25" bec="0" bev="0" fileid="5" />
                <SequencePoint vc="5" uspid="296" ordinal="0" offset="377" sl="277" sc="26" el="277" ec="26" bec="0" bev="0" fileid="5" />
                <SequencePoint vc="10" uspid="297" ordinal="0" offset="382" sl="278" sc="21" el="278" ec="21" bec="0" bev="0" fileid="5" />
                <SequencePoint vc="10" uspid="298" ordinal="0" offset="383" sl="279" sc="25" el="279" ec="25" bec="0" bev="0" fileid="5" />
                <SequencePoint vc="5" uspid="299" ordinal="0" offset="409" sl="280" sc="25" el="280" ec="25" bec="0" bev="0" fileid="5" />
                <SequencePoint vc="5" uspid="300" ordinal="0" offset="410" sl="281" sc="29" el="281" ec="29" bec="0" bev="0" fileid="5" />
                <SequencePoint vc="5" uspid="301" ordinal="0" offset="422" sl="282" sc="29" el="282" ec="29" bec="0" bev="0" fileid="5" />
                <SequencePoint vc="5" uspid="302" ordinal="0" offset="432" sl="283" sc="25" el="283" ec="25" bec="0" bev="0" fileid="5" />
                <SequencePoint vc="10" uspid="303" ordinal="0" offset="433" sl="284" sc="21" el="284" ec="21" bec="0" bev="0" fileid="5" />
                <SequencePoint vc="10" uspid="304" ordinal="0" offset="434" sl="277" sc="58" el="277" ec="58" bec="0" bev="0" fileid="5" />
                <SequencePoint vc="15" uspid="305" ordinal="0" offset="440" sl="277" sc="37" el="277" ec="37" bec="0" bev="0" fileid="5" />
                <SequencePoint vc="5" uspid="306" ordinal="0" offset="453" sl="286" sc="21" el="286" ec="21" bec="0" bev="0" fileid="5" />
                <SequencePoint vc="5" uspid="307" ordinal="0" offset="480" sl="288" sc="17" el="288" ec="17" bec="0" bev="0" fileid="5" />
                <SequencePoint vc="5" uspid="308" ordinal="0" offset="483" sl="290" sc="17" el="290" ec="17" bec="0" bev="0" fileid="5" />
                <SequencePoint vc="5" uspid="309" ordinal="0" offset="484" sl="291" sc="21" el="291" ec="21" bec="0" bev="0" fileid="5" />
                <SequencePoint vc="5" uspid="310" ordinal="0" offset="492" sl="292" sc="17" el="292" ec="17" bec="0" bev="0" fileid="5" />
                <SequencePoint vc="5" uspid="311" ordinal="0" offset="494" sl="293" sc="13" el="293" ec="13" bec="0" bev="0" fileid="5" />
                <SequencePoint vc="321" uspid="312" ordinal="0" offset="495" sl="238" sc="60" el="238" ec="60" bec="0" bev="0" fileid="5" />
                <SequencePoint vc="624" uspid="313" ordinal="0" offset="499" sl="238" sc="29" el="238" ec="29" bec="0" bev="0" fileid="5" />
                <SequencePoint vc="303" uspid="314" ordinal="0" offset="519" sl="294" sc="9" el="294" ec="9" bec="0" bev="0" fileid="5" />
              </SequencePoints>
              <BranchPoints />
            </Method>
            <Method visited="true" cyclomaticComplexity="0" nPathComplexity="0" sequenceCoverage="80.00" branchCoverage="0" crapScore="0" isConstructor="false" isStatic="false" isGetter="false" isSetter="false">
              <Summary numSequencePoints="15" visitedSequencePoints="12" numBranchPoints="0" visitedBranchPoints="0" sequenceCoverage="80.00" branchCoverage="0" maxCyclomaticComplexity="0" minCyclomaticComplexity="0" maxCrapScore="0" minCrapScore="0" visitedClasses="0" numClasses="0" visitedMethods="1" numMethods="1" />
              <MetadataToken>100663315</MetadataToken>
              <Name>System.Void Rubickanov.ACS.Runtime.Netcode.AspectReplicationSystem::OnStateBatchReceived(System.UInt64, Unity.Netcode.FastBufferReader)</Name>
              <FileRef uid="5" />
              <SequencePoints>
                <SequencePoint vc="66" uspid="315" ordinal="0" offset="0" sl="301" sc="9" el="301" ec="9" bec="0" bev="0" fileid="5" />
                <SequencePoint vc="66" uspid="316" ordinal="0" offset="1" sl="302" sc="13" el="302" ec="13" bec="0" bev="0" fileid="5" />
                <SequencePoint vc="66" uspid="317" ordinal="0" offset="20" sl="304" sc="18" el="304" ec="18" bec="0" bev="0" fileid="5" />
                <SequencePoint vc="74" uspid="318" ordinal="0" offset="24" sl="305" sc="13" el="305" ec="13" bec="0" bev="0" fileid="5" />
                <SequencePoint vc="74" uspid="319" ordinal="0" offset="25" sl="306" sc="17" el="306" ec="17" bec="0" bev="0" fileid="5" />
                <SequencePoint vc="74" uspid="320" ordinal="0" offset="44" sl="308" sc="17" el="308" ec="17" bec="0" bev="0" fileid="5" />
                <SequencePoint vc="0" uspid="321" ordinal="0" offset="79" sl="309" sc="17" el="309" ec="17" bec="0" bev="0" fileid="5" />
                <SequencePoint vc="0" uspid="322" ordinal="0" offset="80" sl="313" sc="21" el="313" ec="21" bec="0" bev="0" fileid="5" />
                <SequencePoint vc="0" uspid="323" ordinal="0" offset="102" sl="314" sc="21" el="314" ec="21" bec="0" bev="0" fileid="5" />
                <SequencePoint vc="74" uspid="324" ordinal="0" offset="104" sl="317" sc="17" el="317" ec="17" bec="0" bev="0" fileid="5" />
                <SequencePoint vc="74" uspid="325" ordinal="0" offset="119" sl="318" sc="17" el="318" ec="17" bec="0" bev="0" fileid="5" />
                <SequencePoint vc="74" uspid="326" ordinal="0" offset="130" sl="319" sc="13" el="319" ec="13" bec="0" bev="0" fileid="5" />
                <SequencePoint vc="74" uspid="327" ordinal="0" offset="131" sl="304" sc="46" el="304" ec="46" bec="0" bev="0" fileid="5" />
                <SequencePoint vc="140" uspid="328" ordinal="0" offset="135" sl="304" sc="29" el="304" ec="29" bec="0" bev="0" fileid="5" />
                <SequencePoint vc="66" uspid="329" ordinal="0" offset="145" sl="320" sc="9" el="320" ec="9" bec="0" bev="0" fileid="5" />
              </SequencePoints>
              <BranchPoints />
            </Method>
            <Method visited="true" cyclomaticComplexity="0" nPathComplexity="0" sequenceCoverage="62.50" branchCoverage="0" crapScore="0" isConstructor="false" isStatic="false" isGetter="false" isSetter="false">
              <Summary numSequencePoints="8" visitedSequencePoints="5" numBranchPoints="0" visitedBranchPoints="0" sequenceCoverage="62.50" branchCoverage="0" maxCyclomaticComplexity="0" minCyclomaticComplexity="0" maxCrapScore="0" minCrapScore="0" visitedClasses="0" numClasses="0" visitedMethods="1" numMethods="1" />
              <MetadataToken>100663316</MetadataToken>
              <Name>System.Void Rubickanov.ACS.Runtime.Netcode.AspectReplicationSystem::OnOwnerSubmitReceived(System.UInt64, Unity.Netcode.FastBufferReader)</Name>
              <FileRef uid="5" />
              <SequencePoints>
                <SequencePoint vc="5" uspid="330" ordinal="0" offset="0" sl="323" sc="9" el="323" ec="9" bec="0" bev="0" fileid="5" />
                <SequencePoint vc="5" uspid="331" ordinal="0" offset="1" sl="324" sc="13" el="324" ec="13" bec="0" bev="0" fileid="5" />
                <SequencePoint vc="5" uspid="332" ordinal="0" offset="20" sl="326" sc="13" el="326" ec="13" bec="0" bev="0" fileid="5" />
                <SequencePoint vc="0" uspid="333" ordinal="0" offset="52" sl="327" sc="13" el="327" ec="13" bec="0" bev="0" fileid="5" />
                <SequencePoint vc="0" uspid="334" ordinal="0" offset="53" sl="328" sc="17" el="328" ec="17" bec="0" bev="0" fileid="5" />
                <SequencePoint vc="0" uspid="335" ordinal="0" offset="75" sl="329" sc="17" el="329" ec="17" bec="0" bev="0" fileid="5" />
                <SequencePoint vc="5" uspid="336" ordinal="0" offset="77" sl="332" sc="13" el="332" ec="13" bec="0" bev="0" fileid="5" />
                <SequencePoint vc="5" uspid="337" ordinal="0" offset="85" sl="333" sc="9" el="333" ec="9" bec="0" bev="0" fileid="5" />
              </SequencePoints>
              <BranchPoints />
            </Method>
            <Method visited="true" cyclomaticComplexity="0" nPathComplexity="0" sequenceCoverage="85.71" branchCoverage="0" crapScore="0" isConstructor="false" isStatic="false" isGetter="false" isSetter="false">
              <Summary numSequencePoints="7" visitedSequencePoints="6" numBranchPoints="0" visitedBranchPoints="0" sequenceCoverage="85.71" branchCoverage="0" maxCyclomaticComplexity="0" minCyclomaticComplexity="0" maxCrapScore="0" minCrapScore="0" visitedClasses="0" numClasses="0" visitedMethods="1" numMethods="1" />
              <MetadataToken>100663317</MetadataToken>
              <Name>System.Void Rubickanov.ACS.Runtime.Netcode.AspectReplicationSystem::OnEventBroadcastReceived(System.UInt64, Unity.Netcode.FastBufferReader)</Name>
              <FileRef uid="5" />
              <SequencePoints>
                <SequencePoint vc="8" uspid="338" ordinal="0" offset="0" sl="336" sc="9" el="336" ec="9" bec="0" bev="0" fileid="5" />
                <SequencePoint vc="8" uspid="339" ordinal="0" offset="1" sl="337" sc="13" el="337" ec="13" bec="0" bev="0" fileid="5" />
                <SequencePoint vc="8" uspid="340" ordinal="0" offset="20" sl="339" sc="13" el="339" ec="13" bec="0" bev="0" fileid="5" />
                <SequencePoint vc="0" uspid="341" ordinal="0" offset="54" sl="340" sc="17" el="340" ec="17" bec="0" bev="0" fileid="5" />
                <SequencePoint vc="8" uspid="342" ordinal="0" offset="56" sl="342" sc="13" el="342" ec="13" bec="0" bev="0" fileid="5" />
                <SequencePoint vc="8" uspid="343" ordinal="0" offset="75" sl="343" sc="13" el="343" ec="13" bec="0" bev="0" fileid="5" />
                <SequencePoint vc="8" uspid="344" ordinal="0" offset="84" sl="344" sc="9" el="344" ec="9" bec="0" bev="0" fileid="5" />
              </SequencePoints>
              <BranchPoints />
            </Method>
            <Method visited="true" cyclomaticComplexity="0" nPathComplexity="0" sequenceCoverage="85.71" branchCoverage="0" crapScore="0" isConstructor="false" isStatic="false" isGetter="false" isSetter="false">
              <Summary numSequencePoints="7" visitedSequencePoints="6" numBranchPoints="0" visitedBranchPoints="0" sequenceCoverage="85.71" branchCoverage="0" maxCyclomaticComplexity="0" minCyclomaticComplexity="0" maxCrapScore="0" minCrapScore="0" visitedClasses="0" numClasses="0" visitedMethods="1" numMethods="1" />
              <MetadataToken>100663318</MetadataToken>
              <Name>System.Void Rubickanov.ACS.Runtime.Netcode.AspectReplicationSystem::OnOwnerEventReceived(System.UInt64, Unity.Netcode.FastBufferReader)</Name>
              <FileRef uid="5" />
              <SequencePoints>
                <SequencePoint vc="2" uspid="345" ordinal="0" offset="0" sl="347" sc="9" el="347" ec="9" bec="0" bev="0" fileid="5" />
                <SequencePoint vc="2" uspid="346" ordinal="0" offset="1" sl="348" sc="13" el="348" ec="13" bec="0" bev="0" fileid="5" />
                <SequencePoint vc="2" uspid="347" ordinal="0" offset="20" sl="350" sc="13" el="350" ec="13" bec="0" bev="0" fileid="5" />
                <SequencePoint vc="0" uspid="348" ordinal="0" offset="54" sl="351" sc="17" el="351" ec="17" bec="0" bev="0" fileid="5" />
                <SequencePoint vc="2" uspid="349" ordinal="0" offset="56" sl="353" sc="13" el="353" ec="13" bec="0" bev="0" fileid="5" />
                <SequencePoint vc="2" uspid="350" ordinal="0" offset="75" sl="354" sc="13" el="354" ec="13" bec="0" bev="0" fileid="5" />
                <SequencePoint vc="2" uspid="351" ordinal="0" offset="85" sl="355" sc="9" el="355" ec="9" bec="0" bev="0" fileid="5" />
              </SequencePoints>
              <BranchPoints />
            </Method>
            <Method visited="true" cyclomaticComplexity="0" nPathComplexity="0" sequenceCoverage="92.86" branchCoverage="0" crapScore="0" isConstructor="false" isStatic="false" isGetter="false" isSetter="false">
              <Summary numSequencePoints="14" visitedSequencePoints="13" numBranchPoints="0" visitedBranchPoints="0" sequenceCoverage="92.86" branchCoverage="0" maxCyclomaticComplexity="0" minCyclomaticComplexity="0" maxCrapScore="0" minCrapScore="0" visitedClasses="0" numClasses="0" visitedMethods="1" numMethods="1" />
              <MetadataToken>100663319</MetadataToken>
              <Name>System.Void Rubickanov.ACS.Runtime.Netcode.AspectReplicationSystem::OnSyncRequestReceived(System.UInt64, Unity.Netcode.FastBufferReader)</Name>
              <FileRef uid="5" />
              <SequencePoints>
                <SequencePoint vc="44" uspid="352" ordinal="0" offset="0" sl="358" sc="9" el="358" ec="9" bec="0" bev="0" fileid="5" />
                <SequencePoint vc="44" uspid="353" ordinal="0" offset="1" sl="359" sc="13" el="359" ec="13" bec="0" bev="0" fileid="5" />
                <SequencePoint vc="44" uspid="354" ordinal="0" offset="20" sl="361" sc="13" el="361" ec="13" bec="0" bev="0" fileid="5" />
                <SequencePoint vc="0" uspid="355" ordinal="0" offset="54" sl="362" sc="17" el="362" ec="17" bec="0" bev="0" fileid="5" />
                <SequencePoint vc="44" uspid="356" ordinal="0" offset="56" sl="364" sc="13" el="364" ec="13" bec="0" bev="0" fileid="5" />
                <SequencePoint vc="44" uspid="357" ordinal="0" offset="73" sl="366" sc="13" el="366" ec="13" bec="0" bev="0" fileid="5" />
                <SequencePoint vc="44" uspid="358" ordinal="0" offset="74" sl="367" sc="17" el="367" ec="17" bec="0" bev="0" fileid="5" />
                <SequencePoint vc="44" uspid="359" ordinal="0" offset="93" sl="368" sc="17" el="368" ec="17" bec="0" bev="0" fileid="5" />
                <SequencePoint vc="44" uspid="360" ordinal="0" offset="101" sl="369" sc="17" el="369" ec="17" bec="0" bev="0" fileid="5" />
                <SequencePoint vc="44" uspid="361" ordinal="0" offset="126" sl="371" sc="13" el="371" ec="13" bec="0" bev="0" fileid="5" />
                <SequencePoint vc="44" uspid="362" ordinal="0" offset="129" sl="373" sc="13" el="373" ec="13" bec="0" bev="0" fileid="5" />
                <SequencePoint vc="44" uspid="363" ordinal="0" offset="130" sl="374" sc="17" el="374" ec="17" bec="0" bev="0" fileid="5" />
                <SequencePoint vc="44" uspid="364" ordinal="0" offset="138" sl="375" sc="13" el="375" ec="13" bec="0" bev="0" fileid="5" />
                <SequencePoint vc="44" uspid="365" ordinal="0" offset="140" sl="376" sc="9" el="376" ec="9" bec="0" bev="0" fileid="5" />
              </SequencePoints>
              <BranchPoints />
            </Method>
            <Method visited="true" cyclomaticComplexity="0" nPathComplexity="0" sequenceCoverage="83.33" branchCoverage="0" crapScore="0" isConstructor="false" isStatic="false" isGetter="false" isSetter="false">
              <Summary numSequencePoints="6" visitedSequencePoints="5" numBranchPoints="0" visitedBranchPoints="0" sequenceCoverage="83.33" branchCoverage="0" maxCyclomaticComplexity="0" minCyclomaticComplexity="0" maxCrapScore="0" minCrapScore="0" visitedClasses="0" numClasses="0" visitedMethods="1" numMethods="1" />
              <MetadataToken>100663320</MetadataToken>
              <Name>System.Void Rubickanov.ACS.Runtime.Netcode.AspectReplicationSystem::OnSyncReplyReceived(System.UInt64, Unity.Netcode.FastBufferReader)</Name>
              <FileRef uid="5" />
              <SequencePoints>
                <SequencePoint vc="44" uspid="366" ordinal="0" offset="0" sl="379" sc="9" el="379" ec="9" bec="0" bev="0" fileid="5" />
                <SequencePoint vc="44" uspid="367" ordinal="0" offset="1" sl="380" sc="13" el="380" ec="13" bec="0" bev="0" fileid="5" />
                <SequencePoint vc="44" uspid="368" ordinal="0" offset="20" sl="382" sc="13" el="382" ec="13" bec="0" bev="0" fileid="5" />
                <SequencePoint vc="0" uspid="369" ordinal="0" offset="52" sl="383" sc="17" el="383" ec="17" bec="0" bev="0" fileid="5" />
                <SequencePoint vc="44" uspid="370" ordinal="0" offset="54" sl="385" sc="13" el="385" ec="13" bec="0" bev="0" fileid="5" />
                <SequencePoint vc="44" uspid="371" ordinal="0" offset="63" sl="386" sc="9" el="386" ec="9" bec="0" bev="0" fileid="5" />
              </SequencePoints>
              <BranchPoints />
            </Method>
            <Method visited="true" cyclomaticComplexity="0" nPathComplexity="0" sequenceCoverage="92.86" branchCoverage="0" crapScore="0" isConstructor="false" isStatic="false" isGetter="false" isSetter="false">
              <Summary numSequencePoints="14" visitedSequencePoints="13" numBranchPoints="0" visitedBranchPoints="0" sequenceCoverage="92.86" branchCoverage="0" maxCyclomaticComplexity="0" minCyclomaticComplexity="0" maxCrapScore="0" minCrapScore="0" visitedClasses="0" numClasses="0" visitedMethods="1" numMethods="1" />
              <MetadataToken>100663321</MetadataToken>
              <Name>System.Void Rubickanov.ACS.Runtime.Netcode.AspectReplicationSystem.Rubickanov.ACS.Runtime.Netcode.IEventBroadcaster::SendEvent(System.UInt64, System.Byte, Unity.Netcode.FastBufferWriter, Rubickanov.ACS.Runtime.Netcode.AuthorityMode, Rubickanov.ACS.Runtime.Netcode.Reliability, System.Boolean)</Name>
              <FileRef uid="5" />
              <SequencePoints>
                <SequencePoint vc="6" uspid="372" ordinal="0" offset="0" sl="394" sc="9" el="394" ec="9" bec="0" bev="0" fileid="5" />
                <SequencePoint vc="6" uspid="373" ordinal="0" offset="1" sl="398" sc="13" el="398" ec="13" bec="0" bev="0" fileid="5" />
                <SequencePoint vc="2" uspid="374" ordinal="0" offset="7" sl="399" sc="13" el="399" ec="13" bec="0" bev="0" fileid="5" />
                <SequencePoint vc="2" uspid="375" ordinal="0" offset="8" sl="400" sc="17" el="400" ec="17" bec="0" bev="0" fileid="5" />
                <SequencePoint vc="2" uspid="376" ordinal="0" offset="25" sl="401" sc="17" el="401" ec="17" bec="0" bev="0" fileid="5" />
                <SequencePoint vc="2" uspid="377" ordinal="0" offset="28" sl="403" sc="17" el="403" ec="17" bec="0" bev="0" fileid="5" />
                <SequencePoint vc="2" uspid="378" ordinal="0" offset="56" sl="406" sc="13" el="406" ec="13" bec="0" bev="0" fileid="5" />
                <SequencePoint vc="4" uspid="379" ordinal="0" offset="59" sl="408" sc="13" el="408" ec="13" bec="0" bev="0" fileid="5" />
                <SequencePoint vc="4" uspid="380" ordinal="0" offset="60" sl="409" sc="17" el="409" ec="17" bec="0" bev="0" fileid="5" />
                <SequencePoint vc="4" uspid="381" ordinal="0" offset="77" sl="411" sc="17" el="411" ec="17" bec="0" bev="0" fileid="5" />
                <SequencePoint vc="0" uspid="382" ordinal="0" offset="95" sl="411" sc="53" el="411" ec="53" bec="0" bev="0" fileid="5" />
                <SequencePoint vc="4" uspid="383" ordinal="0" offset="97" sl="412" sc="17" el="412" ec="17" bec="0" bev="0" fileid="5" />
                <SequencePoint vc="4" uspid="384" ordinal="0" offset="130" sl="415" sc="13" el="415" ec="13" bec="0" bev="0" fileid="5" />
                <SequencePoint vc="6" uspid="385" ordinal="0" offset="131" sl="416" sc="9" el="416" ec="9" bec="0" bev="0" fileid="5" />
              </SequencePoints>
              <BranchPoints />
            </Method>
            <Method visited="true" cyclomaticComplexity="0" nPathComplexity="0" sequenceCoverage="100.0" branchCoverage="0" crapScore="0" isConstructor="false" isStatic="false" isGetter="false" isSetter="false">
              <Summary numSequencePoints="10" visitedSequencePoints="10" numBranchPoints="0" visitedBranchPoints="0" sequenceCoverage="100.0" branchCoverage="0" maxCyclomaticComplexity="0" minCyclomaticComplexity="0" maxCrapScore="0" minCrapScore="0" visitedClasses="0" numClasses="0" visitedMethods="1" numMethods="1" />
              <MetadataToken>100663322</MetadataToken>
              <Name>System.Void Rubickanov.ACS.Runtime.Netcode.AspectReplicationSystem::RequestInitialSync(Rubickanov.ACS.Runtime.Netcode.AspectReplicator)</Name>
              <FileRef uid="5" />
              <SequencePoints>
                <SequencePoint vc="44" uspid="386" ordinal="0" offset="0" sl="423" sc="9" el="423" ec="9" bec="0" bev="0" fileid="5" />
                <SequencePoint vc="44" uspid="387" ordinal="0" offset="1" sl="424" sc="13" el="424" ec="13" bec="0" bev="0" fileid="5" />
                <SequencePoint vc="44" uspid="388" ordinal="0" offset="11" sl="426" sc="13" el="426" ec="13" bec="0" bev="0" fileid="5" />
                <SequencePoint vc="44" uspid="389" ordinal="0" offset="12" sl="427" sc="17" el="427" ec="17" bec="0" bev="0" fileid="5" />
                <SequencePoint vc="44" uspid="390" ordinal="0" offset="38" sl="428" sc="17" el="428" ec="17" bec="0" bev="0" fileid="5" />
                <SequencePoint vc="44" uspid="391" ordinal="0" offset="64" sl="430" sc="13" el="430" ec="13" bec="0" bev="0" fileid="5" />
                <SequencePoint vc="44" uspid="392" ordinal="0" offset="67" sl="432" sc="13" el="432" ec="13" bec="0" bev="0" fileid="5" />
                <SequencePoint vc="44" uspid="393" ordinal="0" offset="68" sl="433" sc="17" el="433" ec="17" bec="0" bev="0" fileid="5" />
                <SequencePoint vc="44" uspid="394" ordinal="0" offset="76" sl="434" sc="13" el="434" ec="13" bec="0" bev="0" fileid="5" />
                <SequencePoint vc="44" uspid="395" ordinal="0" offset="78" sl="435" sc="9" el="435" ec="9" bec="0" bev="0" fileid="5" />
              </SequencePoints>
              <BranchPoints />
            </Method>
            <Method visited="true" cyclomaticComplexity="0" nPathComplexity="0" sequenceCoverage="100.0" branchCoverage="0" crapScore="0" isConstructor="false" isStatic="false" isGetter="false" isSetter="false">
              <Summary numSequencePoints="1" visitedSequencePoints="1" numBranchPoints="0" visitedBranchPoints="0" sequenceCoverage="100.0" branchCoverage="0" maxCyclomaticComplexity="0" minCyclomaticComplexity="0" maxCrapScore="0" minCrapScore="0" visitedClasses="0" numClasses="0" visitedMethods="1" numMethods="1" />
              <MetadataToken>100663323</MetadataToken>
              <Name>System.Void Rubickanov.ACS.Runtime.Netcode.AspectReplicationSystem::OnClientConnected(System.UInt64)</Name>
              <FileRef uid="5" />
              <SequencePoints>
                <SequencePoint vc="4" uspid="396" ordinal="0" offset="0" sl="441" sc="59" el="441" ec="59" bec="0" bev="0" fileid="5" />
              </SequencePoints>
              <BranchPoints />
            </Method>
            <Method visited="true" cyclomaticComplexity="0" nPathComplexity="0" sequenceCoverage="100.0" branchCoverage="0" crapScore="0" isConstructor="false" isStatic="false" isGetter="false" isSetter="false">
              <Summary numSequencePoints="1" visitedSequencePoints="1" numBranchPoints="0" visitedBranchPoints="0" sequenceCoverage="100.0" branchCoverage="0" maxCyclomaticComplexity="0" minCyclomaticComplexity="0" maxCrapScore="0" minCrapScore="0" visitedClasses="0" numClasses="0" visitedMethods="1" numMethods="1" />
              <MetadataToken>100663324</MetadataToken>
              <Name>System.Void Rubickanov.ACS.Runtime.Netcode.AspectReplicationSystem::OnClientDisconnected(System.UInt64)</Name>
              <FileRef uid="5" />
              <SequencePoints>
                <SequencePoint vc="47" uspid="397" ordinal="0" offset="0" sl="442" sc="62" el="442" ec="62" bec="0" bev="0" fileid="5" />
              </SequencePoints>
              <BranchPoints />
            </Method>
            <Method visited="true" cyclomaticComplexity="0" nPathComplexity="0" sequenceCoverage="100.0" branchCoverage="0" crapScore="0" isConstructor="false" isStatic="false" isGetter="false" isSetter="false">
              <Summary numSequencePoints="13" visitedSequencePoints="13" numBranchPoints="0" visitedBranchPoints="0" sequenceCoverage="100.0" branchCoverage="0" maxCyclomaticComplexity="0" minCyclomaticComplexity="0" maxCrapScore="0" minCrapScore="0" visitedClasses="0" numClasses="0" visitedMethods="1" numMethods="1" />
              <MetadataToken>100663325</MetadataToken>
              <Name>System.Void Rubickanov.ACS.Runtime.Netcode.AspectReplicationSystem::RebuildBroadcastTargets()</Name>
              <FileRef uid="5" />
              <SequencePoints>
                <SequencePoint vc="74" uspid="398" ordinal="0" offset="0" sl="445" sc="9" el="445" ec="9" bec="0" bev="0" fileid="5" />
                <SequencePoint vc="74" uspid="399" ordinal="0" offset="1" sl="446" sc="13" el="446" ec="13" bec="0" bev="0" fileid="5" />
                <SequencePoint vc="74" uspid="400" ordinal="0" offset="8" sl="447" sc="13" el="447" ec="13" bec="0" bev="0" fileid="5" />
                <SequencePoint vc="74" uspid="401" ordinal="0" offset="20" sl="449" sc="13" el="449" ec="13" bec="0" bev="0" fileid="5" />
                <SequencePoint vc="74" uspid="402" ordinal="0" offset="21" sl="449" sc="38" el="449" ec="38" bec="0" bev="0" fileid="5" />
                <SequencePoint vc="225" uspid="403" ordinal="0" offset="40" sl="449" sc="22" el="449" ec="22" bec="0" bev="0" fileid="5" />
                <SequencePoint vc="225" uspid="404" ordinal="0" offset="47" sl="450" sc="13" el="450" ec="13" bec="0" bev="0" fileid="5" />
                <SequencePoint vc="225" uspid="405" ordinal="0" offset="48" sl="453" sc="17" el="453" ec="17" bec="0" bev="0" fileid="5" />
                <SequencePoint vc="26" uspid="406" ordinal="0" offset="80" sl="454" sc="21" el="454" ec="21" bec="0" bev="0" fileid="5" />
                <SequencePoint vc="199" uspid="407" ordinal="0" offset="82" sl="455" sc="17" el="455" ec="17" bec="0" bev="0" fileid="5" />
                <SequencePoint vc="199" uspid="408" ordinal="0" offset="95" sl="456" sc="13" el="456" ec="13" bec="0" bev="0" fileid="5" />
                <SequencePoint vc="299" uspid="409" ordinal="0" offset="96" sl="449" sc="35" el="449" ec="35" bec="0" bev="0" fileid="5" />
                <SequencePoint vc="74" uspid="410" ordinal="0" offset="117" sl="457" sc="9" el="457" ec="9" bec="0" bev="0" fileid="5" />
              </SequencePoints>
              <BranchPoints />
            </Method>
            <Method visited="true" cyclomaticComplexity="0" nPathComplexity="0" sequenceCoverage="100.0" branchCoverage="0" crapScore="0" isConstructor="true" isStatic="false" isGetter="false" isSetter="false">
              <Summary numSequencePoints="21" visitedSequencePoints="21" numBranchPoints="0" visitedBranchPoints="0" sequenceCoverage="100.0" branchCoverage="0" maxCyclomaticComplexity="0" minCyclomaticComplexity="0" maxCrapScore="0" minCrapScore="0" visitedClasses="0" numClasses="0" visitedMethods="1" numMethods="1" />
              <MetadataToken>100663305</MetadataToken>
              <Name>Rubickanov.ACS.Runtime.Netcode.AspectReplicationSystem::AspectReplicationSystem(Unity.Netcode.NetworkManager)</Name>
              <FileRef uid="5" />
              <SequencePoints>
                <SequencePoint vc="71" uspid="411" ordinal="0" offset="0" sl="30" sc="9" el="30" ec="9" bec="0" bev="0" fileid="5" />
                <SequencePoint vc="71" uspid="412" ordinal="0" offset="11" sl="31" sc="9" el="31" ec="9" bec="0" bev="0" fileid="5" />
                <SequencePoint vc="71" uspid="413" ordinal="0" offset="22" sl="32" sc="9" el="32" ec="9" bec="0" bev="0" fileid="5" />
                <SequencePoint vc="71" uspid="414" ordinal="0" offset="33" sl="34" sc="9" el="34" ec="9" bec="0" bev="0" fileid="5" />
                <SequencePoint vc="71" uspid="415" ordinal="0" offset="44" sl="35" sc="9" el="35" ec="9" bec="0" bev="0" fileid="5" />
                <SequencePoint vc="71" uspid="416" ordinal="0" offset="51" sl="38" sc="9" el="38" ec="9" bec="0" bev="0" fileid="5" />
                <SequencePoint vc="71" uspid="417" ordinal="0" offset="58" sl="39" sc="9" el="39" ec="9" bec="0" bev="0" fileid="5" />
                <SequencePoint vc="71" uspid="418" ordinal="0" offset="59" sl="40" sc="13" el="40" ec="13" bec="0" bev="0" fileid="5" />
                <SequencePoint vc="71" uspid="419" ordinal="0" offset="66" sl="42" sc="13" el="42" ec="13" bec="0" bev="0" fileid="5" />
                <SequencePoint vc="71" uspid="420" ordinal="0" offset="90" sl="43" sc="13" el="43" ec="13" bec="0" bev="0" fileid="5" />
                <SequencePoint vc="71" uspid="421" ordinal="0" offset="109" sl="44" sc="13" el="44" ec="13" bec="0" bev="0" fileid="5" />
                <SequencePoint vc="71" uspid="422" ordinal="0" offset="128" sl="46" sc="13" el="46" ec="13" bec="0" bev="0" fileid="5" />
                <SequencePoint vc="71" uspid="423" ordinal="0" offset="135" sl="47" sc="13" el="47" ec="13" bec="0" bev="0" fileid="5" />
                <SequencePoint vc="71" uspid="424" ordinal="0" offset="159" sl="48" sc="13" el="48" ec="13" bec="0" bev="0" fileid="5" />
                <SequencePoint vc="71" uspid="425" ordinal="0" offset="183" sl="49" sc="13" el="49" ec="13" bec="0" bev="0" fileid="5" />
                <SequencePoint vc="71" uspid="426" ordinal="0" offset="207" sl="50" sc="13" el="50" ec="13" bec="0" bev="0" fileid="5" />
                <SequencePoint vc="71" uspid="427" ordinal="0" offset="231" sl="51" sc="13" el="51" ec="13" bec="0" bev="0" fileid="5" />
                <SequencePoint vc="71" uspid="428" ordinal="0" offset="255" sl="52" sc="13" el="52" ec="13" bec="0" bev="0" fileid="5" />
                <SequencePoint vc="71" uspid="429" ordinal="0" offset="279" sl="53" sc="13" el="53" ec="13" bec="0" bev="0" fileid="5" />
                <SequencePoint vc="71" uspid="430" ordinal="0" offset="303" sl="54" sc="13" el="54" ec="13" bec="0" bev="0" fileid="5" />
                <SequencePoint vc="71" uspid="431" ordinal="0" offset="327" sl="55" sc="9" el="55" ec="9" bec="0" bev="0" fileid="5" />
              </SequencePoints>
              <BranchPoints />
            </Method>
            <Method visited="true" cyclomaticComplexity="0" nPathComplexity="0" sequenceCoverage="100.0" branchCoverage="0" crapScore="0" isConstructor="true" isStatic="true" isGetter="false" isSetter="false">
              <Summary numSequencePoints="1" visitedSequencePoints="1" numBranchPoints="0" visitedBranchPoints="0" sequenceCoverage="100.0" branchCoverage="0" maxCyclomaticComplexity="0" minCyclomaticComplexity="0" maxCrapScore="0" minCrapScore="0" visitedClasses="0" numClasses="0" visitedMethods="1" numMethods="1" />
              <MetadataToken>100663326</MetadataToken>
              <Name>static Rubickanov.ACS.Runtime.Netcode.AspectReplicationSystem::AspectReplicationSystem()</Name>
              <FileRef uid="5" />
              <SequencePoints>
                <SequencePoint vc="1" uspid="432" ordinal="0" offset="0" sl="27" sc="9" el="27" ec="9" bec="0" bev="0" fileid="5" />
              </SequencePoints>
              <BranchPoints />
            </Method>
          </Methods>
        </Class>
        <Class>
          <Summary numSequencePoints="328" visitedSequencePoints="289" numBranchPoints="0" visitedBranchPoints="0" sequenceCoverage="88.11" branchCoverage="0.0" maxCyclomaticComplexity="0" minCyclomaticComplexity="0" maxCrapScore="0" minCrapScore="0" visitedClasses="1" numClasses="1" visitedMethods="22" numMethods="22" />
          <FullName>Rubickanov.ACS.Runtime.Netcode.AspectReplicator</FullName>
          <Methods>
            <Method visited="true" cyclomaticComplexity="0" nPathComplexity="0" sequenceCoverage="100.0" branchCoverage="0" crapScore="0" isConstructor="false" isStatic="false" isGetter="true" isSetter="false">
              <Summary numSequencePoints="1" visitedSequencePoints="1" numBranchPoints="0" visitedBranchPoints="0" sequenceCoverage="100.0" branchCoverage="0" maxCyclomaticComplexity="0" minCyclomaticComplexity="0" maxCrapScore="0" minCrapScore="0" visitedClasses="0" numClasses="0" visitedMethods="1" numMethods="1" />
              <MetadataToken>100663327</MetadataToken>
              <Name>Rubickanov.ACS.Runtime.Netcode.ReplicatedFieldBinding[] Rubickanov.ACS.Runtime.Netcode.AspectReplicator::get_Bindings()</Name>
              <FileRef uid="6" />
              <SequencePoints>
                <SequencePoint vc="154" uspid="433" ordinal="0" offset="0" sl="54" sc="55" el="54" ec="55" bec="0" bev="0" fileid="6" />
[...]
              <Summary numSequencePoints="6" visitedSequencePoints="0" numBranchPoints="0" visitedBranchPoints="0" sequenceCoverage="0.0" branchCoverage="0" maxCyclomaticComplexity="0" minCyclomaticComplexity="0" maxCrapScore="0" minCrapScore="0" visitedClasses="0" numClasses="0" visitedMethods="0" numMethods="1" />
              <MetadataToken>100663336</MetadataToken>
              <Name>System.Void Rubickanov.Utils.ObjectPool[T]::Release(T)</Name>
              <FileRef uid="188" />
              <SequencePoints>
                <SequencePoint vc="0" uspid="8715" ordinal="0" offset="0" sl="122" sc="0" el="122" ec="0" bec="0" bev="0" fileid="188" />
                <SequencePoint vc="0" uspid="8716" ordinal="0" offset="1" sl="123" sc="0" el="123" ec="0" bec="0" bev="0" fileid="188" />
                <SequencePoint vc="0" uspid="8717" ordinal="0" offset="20" sl="123" sc="0" el="123" ec="0" bec="0" bev="0" fileid="188" />
                <SequencePoint vc="0" uspid="8718" ordinal="0" offset="22" sl="124" sc="0" el="124" ec="0" bec="0" bev="0" fileid="188" />
                <SequencePoint vc="0" uspid="8719" ordinal="0" offset="41" sl="125" sc="0" el="125" ec="0" bec="0" bev="0" fileid="188" />
                <SequencePoint vc="0" uspid="8720" ordinal="0" offset="54" sl="126" sc="0" el="126" ec="0" bec="0" bev="0" fileid="188" />
              </SequencePoints>
              <BranchPoints />
            </Method>
            <Method visited="false" cyclomaticComplexity="0" nPathComplexity="0" sequenceCoverage="0.0" branchCoverage="0" crapScore="0" isConstructor="false" isStatic="false" isGetter="false" isSetter="false">
              <Summary numSequencePoints="3" visitedSequencePoints="0" numBranchPoints="0" visitedBranchPoints="0" sequenceCoverage="0.0" branchCoverage="0" maxCyclomaticComplexity="0" minCyclomaticComplexity="0" maxCrapScore="0" minCrapScore="0" visitedClasses="0" numClasses="0" visitedMethods="0" numMethods="1" />
              <MetadataToken>100663337</MetadataToken>
              <Name>System.Void Rubickanov.Utils.ObjectPool[T]::Release(T, System.Single)</Name>
              <FileRef uid="188" />
              <SequencePoints>
                <SequencePoint vc="0" uspid="8721" ordinal="0" offset="0" sl="130" sc="0" el="130" ec="0" bec="0" bev="0" fileid="188" />
                <SequencePoint vc="0" uspid="8722" ordinal="0" offset="1" sl="131" sc="0" el="131" ec="0" bec="0" bev="0" fileid="188" />
                <SequencePoint vc="0" uspid="8723" ordinal="0" offset="20" sl="132" sc="0" el="132" ec="0" bec="0" bev="0" fileid="188" />
              </SequencePoints>
              <BranchPoints />
            </Method>
            <Method visited="false" cyclomaticComplexity="0" nPathComplexity="0" sequenceCoverage="0.0" branchCoverage="0" crapScore="0" isConstructor="false" isStatic="false" isGetter="false" isSetter="false">
              <Summary numSequencePoints="15" visitedSequencePoints="0" numBranchPoints="0" visitedBranchPoints="0" sequenceCoverage="0.0" branchCoverage="0" maxCyclomaticComplexity="0" minCyclomaticComplexity="0" maxCrapScore="0" minCrapScore="0" visitedClasses="0" numClasses="0" visitedMethods="0" numMethods="1" />
              <MetadataToken>100663338</MetadataToken>
              <Name>System.Void Rubickanov.Utils.ObjectPool[T]::ReleaseAll()</Name>
              <FileRef uid="188" />
              <SequencePoints>
                <SequencePoint vc="0" uspid="8724" ordinal="0" offset="0" sl="136" sc="0" el="136" ec="0" bec="0" bev="0" fileid="188" />
                <SequencePoint vc="0" uspid="8725" ordinal="0" offset="1" sl="137" sc="0" el="137" ec="0" bec="0" bev="0" fileid="188" />
                <SequencePoint vc="0" uspid="8726" ordinal="0" offset="13" sl="139" sc="0" el="139" ec="0" bec="0" bev="0" fileid="188" />
                <SequencePoint vc="0" uspid="8727" ordinal="0" offset="14" sl="139" sc="0" el="139" ec="0" bec="0" bev="0" fileid="188" />
                <SequencePoint vc="0" uspid="8728" ordinal="0" offset="28" sl="139" sc="0" el="139" ec="0" bec="0" bev="0" fileid="188" />
                <SequencePoint vc="0" uspid="8729" ordinal="0" offset="36" sl="140" sc="0" el="140" ec="0" bec="0" bev="0" fileid="188" />
                <SequencePoint vc="0" uspid="8730" ordinal="0" offset="37" sl="141" sc="0" el="141" ec="0" bec="0" bev="0" fileid="188" />
                <SequencePoint vc="0" uspid="8731" ordinal="0" offset="53" sl="142" sc="0" el="142" ec="0" bec="0" bev="0" fileid="188" />
                <SequencePoint vc="0" uspid="8732" ordinal="0" offset="54" sl="143" sc="0" el="143" ec="0" bec="0" bev="0" fileid="188" />
                <SequencePoint vc="0" uspid="8733" ordinal="0" offset="73" sl="144" sc="0" el="144" ec="0" bec="0" bev="0" fileid="188" />
                <SequencePoint vc="0" uspid="8734" ordinal="0" offset="86" sl="145" sc="0" el="145" ec="0" bec="0" bev="0" fileid="188" />
                <SequencePoint vc="0" uspid="8735" ordinal="0" offset="87" sl="146" sc="0" el="146" ec="0" bec="0" bev="0" fileid="188" />
                <SequencePoint vc="0" uspid="8736" ordinal="0" offset="88" sl="139" sc="0" el="139" ec="0" bec="0" bev="0" fileid="188" />
                <SequencePoint vc="0" uspid="8737" ordinal="0" offset="114" sl="148" sc="0" el="148" ec="0" bec="0" bev="0" fileid="188" />
                <SequencePoint vc="0" uspid="8738" ordinal="0" offset="126" sl="149" sc="0" el="149" ec="0" bec="0" bev="0" fileid="188" />
              </SequencePoints>
              <BranchPoints />
            </Method>
            <Method visited="false" cyclomaticComplexity="0" nPathComplexity="0" sequenceCoverage="0.0" branchCoverage="0" crapScore="0" isConstructor="false" isStatic="false" isGetter="false" isSetter="false">
              <Summary numSequencePoints="18" visitedSequencePoints="0" numBranchPoints="0" visitedBranchPoints="0" sequenceCoverage="0.0" branchCoverage="0" maxCyclomaticComplexity="0" minCyclomaticComplexity="0" maxCrapScore="0" minCrapScore="0" visitedClasses="0" numClasses="0" visitedMethods="0" numMethods="1" />
              <MetadataToken>100663339</MetadataToken>
              <Name>System.Void Rubickanov.Utils.ObjectPool[T]::Dispose()</Name>
              <FileRef uid="188" />
              <SequencePoints>
                <SequencePoint vc="0" uspid="8739" ordinal="0" offset="0" sl="153" sc="0" el="153" ec="0" bec="0" bev="0" fileid="188" />
                <SequencePoint vc="0" uspid="8740" ordinal="0" offset="1" sl="154" sc="0" el="154" ec="0" bec="0" bev="0" fileid="188" />
                <SequencePoint vc="0" uspid="8741" ordinal="0" offset="13" sl="156" sc="0" el="156" ec="0" bec="0" bev="0" fileid="188" />
                <SequencePoint vc="0" uspid="8742" ordinal="0" offset="14" sl="156" sc="0" el="156" ec="0" bec="0" bev="0" fileid="188" />
                <SequencePoint vc="0" uspid="8743" ordinal="0" offset="28" sl="156" sc="0" el="156" ec="0" bec="0" bev="0" fileid="188" />
                <SequencePoint vc="0" uspid="8744" ordinal="0" offset="36" sl="157" sc="0" el="157" ec="0" bec="0" bev="0" fileid="188" />
                <SequencePoint vc="0" uspid="8745" ordinal="0" offset="37" sl="158" sc="0" el="158" ec="0" bec="0" bev="0" fileid="188" />
                <SequencePoint vc="0" uspid="8746" ordinal="0" offset="53" sl="159" sc="0" el="159" ec="0" bec="0" bev="0" fileid="188" />
                <SequencePoint vc="0" uspid="8747" ordinal="0" offset="54" sl="160" sc="0" el="160" ec="0" bec="0" bev="0" fileid="188" />
                <SequencePoint vc="0" uspid="8748" ordinal="0" offset="73" sl="161" sc="0" el="161" ec="0" bec="0" bev="0" fileid="188" />
                <SequencePoint vc="0" uspid="8749" ordinal="0" offset="86" sl="162" sc="0" el="162" ec="0" bec="0" bev="0" fileid="188" />
                <SequencePoint vc="0" uspid="8750" ordinal="0" offset="87" sl="163" sc="0" el="163" ec="0" bec="0" bev="0" fileid="188" />
                <SequencePoint vc="0" uspid="8751" ordinal="0" offset="88" sl="156" sc="0" el="156" ec="0" bec="0" bev="0" fileid="188" />
                <SequencePoint vc="0" uspid="8752" ordinal="0" offset="114" sl="165" sc="0" el="165" ec="0" bec="0" bev="0" fileid="188" />
                <SequencePoint vc="0" uspid="8753" ordinal="0" offset="126" sl="166" sc="0" el="166" ec="0" bec="0" bev="0" fileid="188" />
                <SequencePoint vc="0" uspid="8754" ordinal="0" offset="138" sl="168" sc="0" el="168" ec="0" bec="0" bev="0" fileid="188" />
                <SequencePoint vc="0" uspid="8755" ordinal="0" offset="154" sl="169" sc="0" el="169" ec="0" bec="0" bev="0" fileid="188" />
                <SequencePoint vc="0" uspid="8756" ordinal="0" offset="171" sl="170" sc="0" el="170" ec="0" bec="0" bev="0" fileid="188" />
              </SequencePoints>
              <BranchPoints />
            </Method>
            <Method visited="false" cyclomaticComplexity="0" nPathComplexity="0" sequenceCoverage="0.0" branchCoverage="0" crapScore="0" isConstructor="true" isStatic="false" isGetter="false" isSetter="false">
              <Summary numSequencePoints="23" visitedSequencePoints="0" numBranchPoints="0" visitedBranchPoints="0" sequenceCoverage="0.0" branchCoverage="0" maxCyclomaticComplexity="0" minCyclomaticComplexity="0" maxCrapScore="0" minCrapScore="0" visitedClasses="0" numClasses="0" visitedMethods="0" numMethods="1" />
              <MetadataToken>100663333</MetadataToken>
              <Name>Rubickanov.Utils.ObjectPool[T]::ObjectPool(T, System.Int32, System.Int32, System.Action[T], System.Action[T], UnityEngine.Transform)</Name>
              <FileRef uid="188" />
              <SequencePoints>
                <SequencePoint vc="0" uspid="8757" ordinal="0" offset="0" sl="35" sc="0" el="35" ec="0" bec="0" bev="0" fileid="188" />
                <SequencePoint vc="0" uspid="8758" ordinal="0" offset="24" sl="57" sc="0" el="57" ec="0" bec="0" bev="0" fileid="188" />
                <SequencePoint vc="0" uspid="8759" ordinal="0" offset="38" sl="64" sc="0" el="64" ec="0" bec="0" bev="0" fileid="188" />
                <SequencePoint vc="0" uspid="8760" ordinal="0" offset="39" sl="65" sc="0" el="65" ec="0" bec="0" bev="0" fileid="188" />
                <SequencePoint vc="0" uspid="8761" ordinal="0" offset="47" sl="66" sc="0" el="66" ec="0" bec="0" bev="0" fileid="188" />
                <SequencePoint vc="0" uspid="8762" ordinal="0" offset="55" sl="68" sc="0" el="68" ec="0" bec="0" bev="0" fileid="188" />
                <SequencePoint vc="0" uspid="8763" ordinal="0" offset="102" sl="69" sc="0" el="69" ec="0" bec="0" bev="0" fileid="188" />
                <SequencePoint vc="0" uspid="8764" ordinal="0" offset="133" sl="71" sc="0" el="71" ec="0" bec="0" bev="0" fileid="188" />
                <SequencePoint vc="0" uspid="8765" ordinal="0" offset="155" sl="72" sc="0" el="72" ec="0" bec="0" bev="0" fileid="188" />
                <SequencePoint vc="0" uspid="8766" ordinal="0" offset="179" sl="74" sc="0" el="74" ec="0" bec="0" bev="0" fileid="188" />
                <SequencePoint vc="0" uspid="8767" ordinal="0" offset="305" sl="90" sc="0" el="90" ec="0" bec="0" bev="0" fileid="188" />
                <SequencePoint vc="0" uspid="8768" ordinal="0" offset="313" sl="91" sc="0" el="91" ec="0" bec="0" bev="0" fileid="188" />
                <SequencePoint vc="0" uspid="8769" ordinal="0" offset="314" sl="92" sc="0" el="92" ec="0" bec="0" bev="0" fileid="188" />
                <SequencePoint vc="0" uspid="8770" ordinal="0" offset="321" sl="93" sc="0" el="93" ec="0" bec="0" bev="0" fileid="188" />
                <SequencePoint vc="0" uspid="8771" ordinal="0" offset="325" sl="94" sc="0" el="94" ec="0" bec="0" bev="0" fileid="188" />
                <SequencePoint vc="0" uspid="8772" ordinal="0" offset="343" sl="93" sc="0" el="93" ec="0" bec="0" bev="0" fileid="188" />
                <SequencePoint vc="0" uspid="8773" ordinal="0" offset="347" sl="93" sc="0" el="93" ec="0" bec="0" bev="0" fileid="188" />
                <SequencePoint vc="0" uspid="8774" ordinal="0" offset="357" sl="96" sc="0" el="96" ec="0" bec="0" bev="0" fileid="188" />
                <SequencePoint vc="0" uspid="8775" ordinal="0" offset="362" sl="97" sc="0" el="97" ec="0" bec="0" bev="0" fileid="188" />
                <SequencePoint vc="0" uspid="8776" ordinal="0" offset="382" sl="96" sc="0" el="96" ec="0" bec="0" bev="0" fileid="188" />
                <SequencePoint vc="0" uspid="8777" ordinal="0" offset="388" sl="96" sc="0" el="96" ec="0" bec="0" bev="0" fileid="188" />
                <SequencePoint vc="0" uspid="8778" ordinal="0" offset="399" sl="98" sc="0" el="98" ec="0" bec="0" bev="0" fileid="188" />
                <SequencePoint vc="0" uspid="8779" ordinal="0" offset="400" sl="99" sc="0" el="99" ec="0" bec="0" bev="0" fileid="188" />
              </SequencePoints>
              <BranchPoints />
            </Method>
          </Methods>
        </Class>
        <Class>
          <Summary numSequencePoints="6" visitedSequencePoints="0" numBranchPoints="0" visitedBranchPoints="0" sequenceCoverage="0.0" branchCoverage="0.0" maxCyclomaticComplexity="0" minCyclomaticComplexity="0" maxCrapScore="0" minCrapScore="0" visitedClasses="0" numClasses="1" visitedMethods="0" numMethods="3" />
          <FullName>Rubickanov.Utils.ObjectPool[T]/&lt;&gt;c</FullName>
          <Methods>
            <Method visited="false" cyclomaticComplexity="0" nPathComplexity="0" sequenceCoverage="0.0" branchCoverage="0" crapScore="0" isConstructor="false" isStatic="false" isGetter="false" isSetter="false">
              <Summary numSequencePoints="1" visitedSequencePoints="0" numBranchPoints="0" visitedBranchPoints="0" sequenceCoverage="0.0" branchCoverage="0" maxCyclomaticComplexity="0" minCyclomaticComplexity="0" maxCrapScore="0" minCrapScore="0" visitedClasses="0" numClasses="0" visitedMethods="0" numMethods="1" />
              <MetadataToken>100663348</MetadataToken>
              <Name>System.Void Rubickanov.Utils.ObjectPool[T]/&lt;&gt;c::&lt;.ctor&gt;b__12_2(T)</Name>
              <FileRef uid="188" />
              <SequencePoints>
                <SequencePoint vc="0" uspid="8815" ordinal="0" offset="0" sl="81" sc="0" el="81" ec="0" bec="0" bev="0" fileid="188" />
              </SequencePoints>
              <BranchPoints />
            </Method>
            <Method visited="false" cyclomaticComplexity="0" nPathComplexity="0" sequenceCoverage="0.0" branchCoverage="0" crapScore="0" isConstructor="false" isStatic="false" isGetter="false" isSetter="false">
              <Summary numSequencePoints="1" visitedSequencePoints="0" numBranchPoints="0" visitedBranchPoints="0" sequenceCoverage="0.0" branchCoverage="0" maxCyclomaticComplexity="0" minCyclomaticComplexity="0" maxCrapScore="0" minCrapScore="0" visitedClasses="0" numClasses="0" visitedMethods="0" numMethods="1" />
              <MetadataToken>100663349</MetadataToken>
              <Name>System.Void Rubickanov.Utils.ObjectPool[T]/&lt;&gt;c::&lt;.ctor&gt;b__12_3(T)</Name>
              <FileRef uid="188" />
              <SequencePoints>
                <SequencePoint vc="0" uspid="8816" ordinal="0" offset="0" sl="82" sc="0" el="82" ec="0" bec="0" bev="0" fileid="188" />
              </SequencePoints>
              <BranchPoints />
            </Method>
            <Method visited="false" cyclomaticComplexity="0" nPathComplexity="0" sequenceCoverage="0.0" branchCoverage="0" crapScore="0" isConstructor="false" isStatic="false" isGetter="false" isSetter="false">
              <Summary numSequencePoints="4" visitedSequencePoints="0" numBranchPoints="0" visitedBranchPoints="0" sequenceCoverage="0.0" branchCoverage="0" maxCyclomaticComplexity="0" minCyclomaticComplexity="0" maxCrapScore="0" minCrapScore="0" visitedClasses="0" numClasses="0" visitedMethods="0" numMethods="1" />
              <MetadataToken>100663350</MetadataToken>
              <Name>System.Void Rubickanov.Utils.ObjectPool[T]/&lt;&gt;c::&lt;.ctor&gt;b__12_4(T)</Name>
              <FileRef uid="188" />
              <SequencePoints>
                <SequencePoint vc="0" uspid="8817" ordinal="0" offset="0" sl="84" sc="0" el="84" ec="0" bec="0" bev="0" fileid="188" />
                <SequencePoint vc="0" uspid="8818" ordinal="0" offset="1" sl="85" sc="0" el="85" ec="0" bec="0" bev="0" fileid="188" />
                <SequencePoint vc="0" uspid="8819" ordinal="0" offset="17" sl="85" sc="0" el="85" ec="0" bec="0" bev="0" fileid="188" />
                <SequencePoint vc="0" uspid="8820" ordinal="0" offset="34" sl="86" sc="0" el="86" ec="0" bec="0" bev="0" fileid="188" />
              </SequencePoints>
              <BranchPoints />
            </Method>
          </Methods>
        </Class>
        <Class>
          <Summary numSequencePoints="6" visitedSequencePoints="0" numBranchPoints="0" visitedBranchPoints="0" sequenceCoverage="0.0" branchCoverage="0.0" maxCyclomaticComplexity="0" minCyclomaticComplexity="0" maxCrapScore="0" minCrapScore="0" visitedClasses="0" numClasses="1" visitedMethods="0" numMethods="2" />
          <FullName>Rubickanov.Utils.ObjectPool[T]/&lt;&gt;c__DisplayClass12_0</FullName>
          <Methods>
            <Method visited="false" cyclomaticComplexity="0" nPathComplexity="0" sequenceCoverage="0.0" branchCoverage="0" crapScore="0" isConstructor="false" isStatic="false" isGetter="false" isSetter="false">
              <Summary numSequencePoints="1" visitedSequencePoints="0" numBranchPoints="0" visitedBranchPoints="0" sequenceCoverage="0.0" branchCoverage="0" maxCyclomaticComplexity="0" minCyclomaticComplexity="0" maxCrapScore="0" minCrapScore="0" visitedClasses="0" numClasses="0" visitedMethods="0" numMethods="1" />
              <MetadataToken>100663352</MetadataToken>
              <Name>System.Void Rubickanov.Utils.ObjectPool[T]/&lt;&gt;c__DisplayClass12_0::&lt;.ctor&gt;b__0(UnityEngine.Component)</Name>
              <FileRef uid="188" />
              <SequencePoints>
                <SequencePoint vc="0" uspid="8821" ordinal="0" offset="0" sl="72" sc="0" el="72" ec="0" bec="0" bev="0" fileid="188" />
              </SequencePoints>
              <BranchPoints />
            </Method>
            <Method visited="false" cyclomaticComplexity="0" nPathComplexity="0" sequenceCoverage="0.0" branchCoverage="0" crapScore="0" isConstructor="false" isStatic="false" isGetter="false" isSetter="false">
              <Summary numSequencePoints="5" visitedSequencePoints="0" numBranchPoints="0" visitedBranchPoints="0" sequenceCoverage="0.0" branchCoverage="0" maxCyclomaticComplexity="0" minCyclomaticComplexity="0" maxCrapScore="0" minCrapScore="0" visitedClasses="0" numClasses="0" visitedMethods="0" numMethods="1" />
              <MetadataToken>100663353</MetadataToken>
              <Name>T Rubickanov.Utils.ObjectPool[T]/&lt;&gt;c__DisplayClass12_0::&lt;.ctor&gt;b__1()</Name>
              <FileRef uid="188" />
              <SequencePoints>
                <SequencePoint vc="0" uspid="8822" ordinal="0" offset="0" sl="76" sc="0" el="76" ec="0" bec="0" bev="0" fileid="188" />
                <SequencePoint vc="0" uspid="8823" ordinal="0" offset="1" sl="77" sc="0" el="77" ec="0" bec="0" bev="0" fileid="188" />
                <SequencePoint vc="0" uspid="8824" ordinal="0" offset="24" sl="78" sc="0" el="78" ec="0" bec="0" bev="0" fileid="188" />
                <SequencePoint vc="0" uspid="8825" ordinal="0" offset="42" sl="79" sc="0" el="79" ec="0" bec="0" bev="0" fileid="188" />
                <SequencePoint vc="0" uspid="8826" ordinal="0" offset="46" sl="80" sc="0" el="80" ec="0" bec="0" bev="0" fileid="188" />
              </SequencePoints>
              <BranchPoints />
            </Method>
          </Methods>
        </Class>
      </Classes>
    </Module>
  </Modules>
</CoverageSession>